#
# There is insufficient memory for the Java Runtime Environment to continue.
# Native memory allocation (mmap) failed to map 401080320 bytes for committing reserved memory.
# Possible reasons:
#   The system is out of physical RAM or swap space
#   In 32 bit mode, the process size limit was hit
# Possible solutions:
#   Reduce memory load on the system
#   Increase physical memory or swap space
#   Check if swap backing store is full
#   Use 64 bit Java on a 64 bit OS
#   Decrease Java heap size (-Xmx/-Xms)
#   Decrease number of Java threads
#   Decrease Java thread stack sizes (-Xss)
#   Set larger code cache with -XX:ReservedCodeCacheSize=
# This output file may be truncated or incomplete.
#
#  Out of Memory Error (os_linux.cpp:2746), pid=12004, tid=0x00007f3a707f7700
#
# JRE version: OpenJDK Runtime Environment (8.0_191-b12) (build 1.8.0_191-8u191-b12-2ubuntu0.18.04.1-b12)
# Java VM: OpenJDK 64-Bit Server VM (25.191-b12 mixed mode linux-amd64 compressed oops)
# Failed to write core dump. Core dumps have been disabled. To enable core dumping, try "ulimit -c unlimited" before starting Java again
#

---------------  T H R E A D  ---------------

Current thread (0x00007f3a8014a800):  VMThread [stack: 0x00007f3a706f8000,0x00007f3a707f8000] [id=12011]

Stack: [0x00007f3a706f8000,0x00007f3a707f8000],  sp=0x00007f3a707f6440,  free space=1017k
Native frames: (J=compiled Java code, j=interpreted, Vv=VM code, C=native code)
V  [libjvm.so+0xab2552]
V  [libjvm.so+0x4d9e37]
V  [libjvm.so+0x8ed5e0]
V  [libjvm.so+0x8e470e]
V  [libjvm.so+0x968466]
V  [libjvm.so+0x9570da]
V  [libjvm.so+0x9572a8]
V  [libjvm.so+0x957eb0]
V  [libjvm.so+0x95e24c]
V  [libjvm.so+0x966335]
V  [libjvm.so+0x9149a8]
V  [libjvm.so+0xab4212]
V  [libjvm.so+0xab8dd6]
V  [libjvm.so+0xab7075]
V  [libjvm.so+0xab79ed]
V  [libjvm.so+0xab7dc7]
V  [libjvm.so+0x8ea992]

VM_Operation (0x00007f3a89e0f310): ParallelGCFailedAllocation, mode: safepoint, requested by thread 0x00007f3a80015800


---------------  P R O C E S S  ---------------

Java Threads: ( => current thread )
  0x00007f3a44001000 JavaThread "Attach Listener" daemon [_thread_blocked, id=12028, stack(0x00007f3a43bfc000,0x00007f3a43cfd000)]
  0x00007f3a80a5f000 JavaThread "Service Thread" daemon [_thread_blocked, id=12026, stack(0x00007f3a43dfe000,0x00007f3a43eff000)]
  0x00007f3a80a5c000 JavaThread "C1 CompilerThread2" daemon [_thread_blocked, id=12025, stack(0x00007f3a43f00000,0x00007f3a44000000)]
  0x00007f3a80a5a000 JavaThread "C2 CompilerThread1" daemon [_thread_blocked, id=12024, stack(0x00007f3a580fe000,0x00007f3a581fe000)]
  0x00007f3a80a58000 JavaThread "C2 CompilerThread0" daemon [_thread_blocked, id=12023, stack(0x00007f3a5b418000,0x00007f3a5b518000)]
  0x00007f3a80a56800 JavaThread "Monitor Ctrl-Break" daemon [_thread_in_native, id=12022, stack(0x00007f3a5b518000,0x00007f3a5b619000)]
  0x00007f3a80189000 JavaThread "Signal Dispatcher" daemon [_thread_blocked, id=12021, stack(0x00007f3a703f4000,0x00007f3a704f5000)]
  0x00007f3a80156800 JavaThread "Finalizer" daemon [_thread_blocked, id=12015, stack(0x00007f3a704f5000,0x00007f3a705f6000)]
  0x00007f3a80154000 JavaThread "Reference Handler" daemon [_thread_blocked, id=12013, stack(0x00007f3a705f6000,0x00007f3a706f7000)]
  0x00007f3a80015800 JavaThread "main" [_thread_blocked, id=12006, stack(0x00007f3a89d11000,0x00007f3a89e11000)]

Other Threads:
=>0x00007f3a8014a800 VMThread [stack: 0x00007f3a706f8000,0x00007f3a707f8000] [id=12011]
  0x00007f3a80a61800 WatcherThread [stack: 0x00007f3a43cfe000,0x00007f3a43dfe000] [id=12027]

VM state:at safepoint (normal execution)

VM Mutex/Monitor currently owned by a thread:  ([mutex/lock_event])
[0x00007f3a8000ab70] ExpandHeap_lock - owner thread: 0x00007f3a8014a800
[0x00007f3a8000b1f0] Threads_lock - owner thread: 0x00007f3a8014a800
[0x00007f3a8000b6f0] Heap_lock - owner thread: 0x00007f3a80015800

Heap:
 PSYoungGen      total 403456K, used 0K [0x00000000d5580000, 0x00000000fe680000, 0x0000000100000000)
  eden space 170496K, 0% used [0x00000000d5580000,0x00000000d5580000,0x00000000dfc00000)
  from space 232960K, 0% used [0x00000000dfc00000,0x00000000dfc00000,0x00000000edf80000)
  to   space 232960K, 0% used [0x00000000f0300000,0x00000000f0300000,0x00000000fe680000)
 ParOldGen       total 940032K, used 926796K [0x0000000080000000, 0x00000000b9600000, 0x00000000d5580000)
  object space 940032K, 98% used [0x0000000080000000,0x00000000b8913388,0x00000000b9600000)
 Metaspace       used 12769K, capacity 13080K, committed 13440K, reserved 1060864K
  class space    used 1442K, capacity 1546K, committed 1664K, reserved 1048576K

Card table byte_map: [0x00007f3a85ca3000,0x00007f3a860a4000] byte_map_base: 0x00007f3a858a3000

Marking Bits: (ParMarkBitMap*) 0x00007f3a88fac340
 Begin Bits: [0x00007f3a68000000, 0x00007f3a6a000000)
 End Bits:   [0x00007f3a6a000000, 0x00007f3a6c000000)

Polling page: 0x00007f3a89e2d000

CodeCache: size=245760Kb used=5964Kb max_used=5976Kb free=239795Kb
 bounds [0x00007f3a71000000, 0x00007f3a715e0000, 0x00007f3a80000000]
 total_blobs=1988 nmethods=1621 adapters=282
 compilation: enabled

Compilation events (10 events):
Event: 28.630 Thread 0x00007f3a80a5a000 nmethod 1645% 0x00007f3a715cf510 code [0x00007f3a715cf6a0, 0x00007f3a715d0408]
Event: 28.633 Thread 0x00007f3a80a5a000 1647   !   4       java.util.concurrent.ConcurrentHashMap::transfer (832 bytes)
Event: 28.651 Thread 0x00007f3a80a58000 nmethod 1646 0x00007f3a715d0b90 code [0x00007f3a715d0d80, 0x00007f3a715d1b90]
Event: 28.680 Thread 0x00007f3a80a5a000 nmethod 1647 0x00007f3a715cae90 code [0x00007f3a715cb080, 0x00007f3a715cc2c0]
Event: 28.683 Thread 0x00007f3a80a5c000 1648 %     3       org.opentripplanner.routing.graph.Graph::load @ 89 (223 bytes)
Event: 28.686 Thread 0x00007f3a80a5c000 nmethod 1648% 0x00007f3a715d4e10 code [0x00007f3a715d5260, 0x00007f3a715d7858]
Event: 28.687 Thread 0x00007f3a80a5c000 1649       3       org.opentripplanner.routing.graph.Graph::load (223 bytes)
Event: 28.690 Thread 0x00007f3a80a5c000 nmethod 1649 0x00007f3a715d8dd0 code [0x00007f3a715d9200, 0x00007f3a715db708]
Event: 28.718 Thread 0x00007f3a80a58000 1650 %     4       org.opentripplanner.routing.graph.Graph::load @ 89 (223 bytes)
Event: 28.730 Thread 0x00007f3a80a58000 nmethod 1650% 0x00007f3a715c3090 code [0x00007f3a715c3280, 0x00007f3a715c3978]

GC Heap History (10 events):
Event: 16.988 GC heap after
Heap after GC invocations=15 (full 3):
 PSYoungGen      total 346112K, used 204264K [0x00000000d5580000, 0x00000000fc980000, 0x0000000100000000)
  eden space 141824K, 0% used [0x00000000d5580000,0x00000000d5580000,0x00000000de000000)
  from space 204288K, 99% used [0x00000000ec380000,0x00000000f8afa2d0,0x00000000f8b00000)
  to   space 232960K, 0% used [0x00000000de000000,0x00000000de000000,0x00000000ec380000)
 ParOldGen       total 634880K, used 459882K [0x0000000080000000, 0x00000000a6c00000, 0x00000000d5580000)
  object space 634880K, 72% used [0x0000000080000000,0x000000009c11ab70,0x00000000a6c00000)
 Metaspace       used 12748K, capacity 13016K, committed 13184K, reserved 1060864K
  class space    used 1441K, capacity 1546K, committed 1664K, reserved 1048576K
}
Event: 18.186 GC heap before
{Heap before GC invocations=16 (full 3):
 PSYoungGen      total 346112K, used 346088K [0x00000000d5580000, 0x00000000fc980000, 0x0000000100000000)
  eden space 141824K, 100% used [0x00000000d5580000,0x00000000de000000,0x00000000de000000)
  from space 204288K, 99% used [0x00000000ec380000,0x00000000f8afa2d0,0x00000000f8b00000)
  to   space 232960K, 0% used [0x00000000de000000,0x00000000de000000,0x00000000ec380000)
 ParOldGen       total 634880K, used 459882K [0x0000000080000000, 0x00000000a6c00000, 0x00000000d5580000)
  object space 634880K, 72% used [0x0000000080000000,0x000000009c11ab70,0x00000000a6c00000)
 Metaspace       used 12753K, capacity 13016K, committed 13184K, reserved 1060864K
  class space    used 1441K, capacity 1546K, committed 1664K, reserved 1048576K
Event: 18.546 GC heap after
Heap after GC invocations=16 (full 3):
 PSYoungGen      total 374784K, used 232940K [0x00000000d5580000, 0x00000000fc300000, 0x0000000100000000)
  eden space 141824K, 0% used [0x00000000d5580000,0x00000000d5580000,0x00000000de000000)
  from space 232960K, 99% used [0x00000000de000000,0x00000000ec37b3d0,0x00000000ec380000)
  to   space 232960K, 0% used [0x00000000edf80000,0x00000000edf80000,0x00000000fc300000)
 ParOldGen       total 634880K, used 559763K [0x0000000080000000, 0x00000000a6c00000, 0x00000000d5580000)
  object space 634880K, 88% used [0x0000000080000000,0x00000000a22a4f20,0x00000000a6c00000)
 Metaspace       used 12753K, capacity 13016K, committed 13184K, reserved 1060864K
  class space    used 1441K, capacity 1546K, committed 1664K, reserved 1048576K
}
Event: 18.546 GC heap before
{Heap before GC invocations=17 (full 4):
 PSYoungGen      total 374784K, used 232940K [0x00000000d5580000, 0x00000000fc300000, 0x0000000100000000)
  eden space 141824K, 0% used [0x00000000d5580000,0x00000000d5580000,0x00000000de000000)
  from space 232960K, 99% used [0x00000000de000000,0x00000000ec37b3d0,0x00000000ec380000)
  to   space 232960K, 0% used [0x00000000edf80000,0x00000000edf80000,0x00000000fc300000)
 ParOldGen       total 634880K, used 559763K [0x0000000080000000, 0x00000000a6c00000, 0x00000000d5580000)
  object space 634880K, 88% used [0x0000000080000000,0x00000000a22a4f20,0x00000000a6c00000)
 Metaspace       used 12753K, capacity 13016K, committed 13184K, reserved 1060864K
  class space    used 1441K, capacity 1546K, committed 1664K, reserved 1048576K
Event: 20.665 GC heap after
Heap after GC invocations=17 (full 4):
 PSYoungGen      total 374784K, used 124240K [0x00000000d5580000, 0x00000000fc300000, 0x0000000100000000)
  eden space 141824K, 0% used [0x00000000d5580000,0x00000000d5580000,0x00000000de000000)
  from space 232960K, 53% used [0x00000000de000000,0x00000000e5954350,0x00000000ec380000)
  to   space 232960K, 0% used [0x00000000edf80000,0x00000000edf80000,0x00000000fc300000)
 ParOldGen       total 940032K, used 634874K [0x0000000080000000, 0x00000000b9600000, 0x00000000d5580000)
  object space 940032K, 67% used [0x0000000080000000,0x00000000a6bfea30,0x00000000b9600000)
 Metaspace       used 12753K, capacity 13016K, committed 13184K, reserved 1060864K
  class space    used 1441K, capacity 1546K, committed 1664K, reserved 1048576K
}
Event: 22.939 GC heap before
{Heap before GC invocations=18 (full 4):
 PSYoungGen      total 374784K, used 266064K [0x00000000d5580000, 0x00000000fc300000, 0x0000000100000000)
  eden space 141824K, 100% used [0x00000000d5580000,0x00000000de000000,0x00000000de000000)
  from space 232960K, 53% used [0x00000000de000000,0x00000000e5954350,0x00000000ec380000)
  to   space 232960K, 0% used [0x00000000edf80000,0x00000000edf80000,0x00000000fc300000)
 ParOldGen       total 940032K, used 634874K [0x0000000080000000, 0x00000000b9600000, 0x00000000d5580000)
  object space 940032K, 67% used [0x0000000080000000,0x00000000a6bfea30,0x00000000b9600000)
 Metaspace       used 12755K, capacity 13016K, committed 13184K, reserved 1060864K
  class space    used 1441K, capacity 1546K, committed 1664K, reserved 1048576K
Event: 24.492 GC heap after
Heap after GC invocations=18 (full 4):
 PSYoungGen      total 403456K, used 157270K [0x00000000d5580000, 0x00000000fc500000, 0x0000000100000000)
  eden space 170496K, 0% used [0x00000000d5580000,0x00000000d5580000,0x00000000dfc00000)
  from space 232960K, 67% used [0x00000000edf80000,0x00000000f7915970,0x00000000fc300000)
  to   space 232960K, 0% used [0x00000000dfc00000,0x00000000dfc00000,0x00000000edf80000)
 ParOldGen       total 940032K, used 725292K [0x0000000080000000, 0x00000000b9600000, 0x00000000d5580000)
  object space 940032K, 77% used [0x0000000080000000,0x00000000ac44b080,0x00000000b9600000)
 Metaspace       used 12755K, capacity 13016K, committed 13184K, reserved 1060864K
  class space    used 1441K, capacity 1546K, committed 1664K, reserved 1048576K
}
Event: 29.158 GC heap before
{Heap before GC invocations=19 (full 4):
 PSYoungGen      total 403456K, used 326329K [0x00000000d5580000, 0x00000000fc500000, 0x0000000100000000)
  eden space 170496K, 99% used [0x00000000d5580000,0x00000000dfa98e50,0x00000000dfc00000)
  from space 232960K, 67% used [0x00000000edf80000,0x00000000f7915970,0x00000000fc300000)
  to   space 232960K, 0% used [0x00000000dfc00000,0x00000000dfc00000,0x00000000edf80000)
 ParOldGen       total 940032K, used 725292K [0x0000000080000000, 0x00000000b9600000, 0x00000000d5580000)
  object space 940032K, 77% used [0x0000000080000000,0x00000000ac44b080,0x00000000b9600000)
 Metaspace       used 12769K, capacity 13080K, committed 13440K, reserved 1060864K
  class space    used 1442K, capacity 1546K, committed 1664K, reserved 1048576K
Event: 30.393 GC heap after
Heap after GC invocations=19 (full 4):
 PSYoungGen      total 403456K, used 86784K [0x00000000d5580000, 0x00000000fe680000, 0x0000000100000000)
  eden space 170496K, 0% used [0x00000000d5580000,0x00000000d5580000,0x00000000dfc00000)
  from space 232960K, 37% used [0x00000000dfc00000,0x00000000e50c0010,0x00000000edf80000)
  to   space 232960K, 0% used [0x00000000f0300000,0x00000000f0300000,0x00000000fe680000)
 ParOldGen       total 940032K, used 887204K [0x0000000080000000, 0x00000000b9600000, 0x00000000d5580000)
  object space 940032K, 94% used [0x0000000080000000,0x00000000b6269020,0x00000000b9600000)
 Metaspace       used 12769K, capacity 13080K, committed 13440K, reserved 1060864K
  class space    used 1442K, capacity 1546K, committed 1664K, reserved 1048576K
}
Event: 30.393 GC heap before
{Heap before GC invocations=20 (full 5):
 PSYoungGen      total 403456K, used 86784K [0x00000000d5580000, 0x00000000fe680000, 0x0000000100000000)
  eden space 170496K, 0% used [0x00000000d5580000,0x00000000d5580000,0x00000000dfc00000)
  from space 232960K, 37% used [0x00000000dfc00000,0x00000000e50c0010,0x00000000edf80000)
  to   space 232960K, 0% used [0x00000000f0300000,0x00000000f0300000,0x00000000fe680000)
 ParOldGen       total 940032K, used 887204K [0x0000000080000000, 0x00000000b9600000, 0x00000000d5580000)
  object space 940032K, 94% used [0x0000000080000000,0x00000000b6269020,0x00000000b9600000)
 Metaspace       used 12769K, capacity 13080K, committed 13440K, reserved 1060864K
  class space    used 1442K, capacity 1546K, committed 1664K, reserved 1048576K

Deoptimization events (10 events):
Event: 6.386 Thread 0x00007f3a80015800 Uncommon trap: reason=array_check action=maybe_recompile pc=0x00007f3a7155c568 method=com.esotericsoftware.kryo.serializers.DefaultArraySerializers$ObjectArraySerializer.read(Lcom/esotericsoftware/kryo/Kryo;Lcom/esotericsoftware/kryo/io/Input;Ljava/lang/C
Event: 9.078 Thread 0x00007f3a80015800 Uncommon trap: reason=unstable_if action=reinterpret pc=0x00007f3a71412584 method=com.esotericsoftware.kryo.io.Input.readVarInt(Z)I @ 114
Event: 11.504 Thread 0x00007f3a80015800 Uncommon trap: reason=class_check action=maybe_recompile pc=0x00007f3a7159d790 method=java.lang.reflect.Array.newInstance(Ljava/lang/Class;I)Ljava/lang/Object; @ 2
Event: 11.504 Thread 0x00007f3a80015800 Uncommon trap: reason=class_check action=maybe_recompile pc=0x00007f3a7159d790 method=java.lang.reflect.Array.newInstance(Ljava/lang/Class;I)Ljava/lang/Object; @ 2
Event: 11.504 Thread 0x00007f3a80015800 Uncommon trap: reason=class_check action=maybe_recompile pc=0x00007f3a7159d790 method=java.lang.reflect.Array.newInstance(Ljava/lang/Class;I)Ljava/lang/Object; @ 2
Event: 11.505 Thread 0x00007f3a80015800 Uncommon trap: reason=class_check action=maybe_recompile pc=0x00007f3a7159d790 method=java.lang.reflect.Array.newInstance(Ljava/lang/Class;I)Ljava/lang/Object; @ 2
Event: 28.560 Thread 0x00007f3a80015800 Uncommon trap: reason=unstable_if action=reinterpret pc=0x00007f3a715bd034 method=java.util.concurrent.ConcurrentHashMap.putVal(Ljava/lang/Object;Ljava/lang/Object;Z)Ljava/lang/Object; @ 195
Event: 28.594 Thread 0x00007f3a80015800 Uncommon trap: reason=unstable_if action=reinterpret pc=0x00007f3a715c9d40 method=java.util.concurrent.ConcurrentHashMap.putVal(Ljava/lang/Object;Ljava/lang/Object;Z)Ljava/lang/Object; @ 331
Event: 28.605 Thread 0x00007f3a80015800 Uncommon trap: reason=unstable_if action=reinterpret pc=0x00007f3a715c78fc method=java.util.concurrent.ConcurrentHashMap.transfer([Ljava/util/concurrent/ConcurrentHashMap$Node;[Ljava/util/concurrent/ConcurrentHashMap$Node;)V @ 356
Event: 28.643 Thread 0x00007f3a80015800 Uncommon trap: reason=unstable_if action=reinterpret pc=0x00007f3a715d0190 method=java.util.concurrent.ConcurrentHashMap.transfer([Ljava/util/concurrent/ConcurrentHashMap$Node;[Ljava/util/concurrent/ConcurrentHashMap$Node;)V @ 356

Classes redefined (0 events):
No events

Internal exceptions (10 events):
Event: 1.921 Thread 0x00007f3a80015800 Exception <a 'java/lang/ClassNotFoundException': ch/qos/logback/classic/encoder/PatternLayoutEncoderCustomizer> (0x00000000d6f500a0) thrown at [/build/openjdk-8-5w_p1G/openjdk-8-8u191-b12/src/hotspot/src/share/vm/classfile/systemDictionary.cpp, line 210]
Event: 1.924 Thread 0x00007f3a80015800 Exception <a 'java/lang/ArrayIndexOutOfBoundsException'> (0x00000000d6f53250) thrown at [/build/openjdk-8-5w_p1G/openjdk-8-8u191-b12/src/hotspot/src/share/vm/runtime/sharedRuntime.cpp, line 605]
Event: 2.508 Thread 0x00007f3a80015800 Exception <a 'java/lang/NoSuchFieldError': method resolution failed> (0x00000000d651ecc0) thrown at [/build/openjdk-8-5w_p1G/openjdk-8-8u191-b12/src/hotspot/src/share/vm/prims/methodHandles.cpp, line 1167]
Event: 2.514 Thread 0x00007f3a80015800 Exception <a 'java/lang/NoSuchFieldError': method resolution failed> (0x00000000d652cc50) thrown at [/build/openjdk-8-5w_p1G/openjdk-8-8u191-b12/src/hotspot/src/share/vm/prims/methodHandles.cpp, line 1167]
Event: 3.664 Thread 0x00007f3a80015800 Implicit null exception at 0x00007f3a713707c4 to 0x00007f3a7137087a
Event: 3.963 Thread 0x00007f3a80015800 Implicit null exception at 0x00007f3a71383339 to 0x00007f3a7138489d
Event: 4.324 Thread 0x00007f3a80015800 Implicit null exception at 0x00007f3a713da36b to 0x00007f3a713dc6fd
Event: 4.871 Thread 0x00007f3a80015800 Implicit null exception at 0x00007f3a714579fd to 0x00007f3a71457c85
Event: 4.921 Thread 0x00007f3a80015800 Implicit null exception at 0x00007f3a71370404 to 0x00007f3a7137046a
Event: 4.960 Thread 0x00007f3a80015800 Implicit null exception at 0x00007f3a71449f84 to 0x00007f3a7144a4a5

Events (10 events):
Event: 28.605 Thread 0x00007f3a80015800 DEOPT PACKING pc=0x00007f3a715c78fc sp=0x00007f3a89e0f3b0
Event: 28.605 Thread 0x00007f3a80015800 DEOPT UNPACKING pc=0x00007f3a7104547a sp=0x00007f3a89e0f320 mode 2
Event: 28.636 Thread 0x00007f3a80015800 Uncommon trap: trap_request=0xffffff65 fr.pc=0x00007f3a715d0190
Event: 28.636 Executing VM operation: RevokeBias
Event: 28.636 Executing VM operation: RevokeBias done
Event: 28.643 Thread 0x00007f3a80015800 DEOPT PACKING pc=0x00007f3a715d0190 sp=0x00007f3a89e0f3b0
Event: 28.643 Thread 0x00007f3a80015800 DEOPT UNPACKING pc=0x00007f3a7104547a sp=0x00007f3a89e0f320 mode 2
Event: 28.734 Thread 0x00007f3a80015800 DEOPT PACKING pc=0x00007f3a715d7468 sp=0x00007f3a89e0f590
Event: 28.734 Thread 0x00007f3a80015800 DEOPT UNPACKING pc=0x00007f3a710474c4 sp=0x00007f3a89e0f360 mode 0
Event: 29.158 Executing VM operation: ParallelGCFailedAllocation


Dynamic libraries:
80000000-b9600000 rw-p 00000000 00:00 0 
d1480000-d5580000 ---p 00000000 00:00 0 
d5580000-fe680000 rw-p 00000000 00:00 0 
fe680000-100000000 ---p 00000000 00:00 0 
100000000-1001a0000 rw-p 00000000 00:00 0 
1001a0000-140000000 ---p 00000000 00:00 0 
55992e7ff000-55992e800000 r-xp 00000000 fd:01 2629875                    /usr/lib/jvm/java-8-openjdk-amd64/jre/bin/java
55992e9ff000-55992ea00000 r--p 00000000 fd:01 2629875                    /usr/lib/jvm/java-8-openjdk-amd64/jre/bin/java
55992ea00000-55992ea01000 rw-p 00001000 fd:01 2629875                    /usr/lib/jvm/java-8-openjdk-amd64/jre/bin/java
559930649000-55993066a000 rw-p 00000000 00:00 0                          [heap]
7f3a28000000-7f3a28021000 rw-p 00000000 00:00 0 
7f3a28021000-7f3a2c000000 ---p 00000000 00:00 0 
7f3a2c000000-7f3a2c026000 rw-p 00000000 00:00 0 
7f3a2c026000-7f3a30000000 ---p 00000000 00:00 0 
7f3a30000000-7f3a3045f000 rw-p 00000000 00:00 0 
7f3a3045f000-7f3a34000000 ---p 00000000 00:00 0 
7f3a34000000-7f3a34021000 rw-p 00000000 00:00 0 
7f3a34021000-7f3a38000000 ---p 00000000 00:00 0 
7f3a38000000-7f3a38811000 rw-p 00000000 00:00 0 
7f3a38811000-7f3a3c000000 ---p 00000000 00:00 0 
7f3a3c000000-7f3a3c744000 rw-p 00000000 00:00 0 
7f3a3c744000-7f3a40000000 ---p 00000000 00:00 0 
7f3a437fc000-7f3a4397c000 rw-p 00000000 00:00 0 
7f3a4397c000-7f3a439fc000 ---p 00000000 00:00 0 
7f3a439fc000-7f3a43bfc000 rw-p 00000000 00:00 0 
7f3a43bfc000-7f3a43bff000 ---p 00000000 00:00 0 
7f3a43bff000-7f3a43cfd000 rw-p 00000000 00:00 0 
7f3a43cfd000-7f3a43cfe000 ---p 00000000 00:00 0 
7f3a43cfe000-7f3a43dfe000 rw-p 00000000 00:00 0 
7f3a43dfe000-7f3a43e01000 ---p 00000000 00:00 0 
7f3a43e01000-7f3a43eff000 rw-p 00000000 00:00 0 
7f3a43eff000-7f3a43f00000 ---p 00000000 00:00 0 
7f3a43f00000-7f3a43f03000 ---p 00000000 00:00 0 
7f3a43f03000-7f3a44000000 rw-p 00000000 00:00 0 
7f3a44000000-7f3a44021000 rw-p 00000000 00:00 0 
7f3a44021000-7f3a48000000 ---p 00000000 00:00 0 
7f3a48000000-7f3a48021000 rw-p 00000000 00:00 0 
7f3a48021000-7f3a4c000000 ---p 00000000 00:00 0 
7f3a4c000000-7f3a4c021000 rw-p 00000000 00:00 0 
7f3a4c021000-7f3a50000000 ---p 00000000 00:00 0 
7f3a50000000-7f3a50021000 rw-p 00000000 00:00 0 
7f3a50021000-7f3a54000000 ---p 00000000 00:00 0 
7f3a54000000-7f3a54ea5000 rw-p 00000000 00:00 0 
7f3a54ea5000-7f3a58000000 ---p 00000000 00:00 0 
7f3a580fd000-7f3a580fe000 ---p 00000000 00:00 0 
7f3a580fe000-7f3a58101000 ---p 00000000 00:00 0 
7f3a58101000-7f3a5b1ff000 rw-p 00000000 00:00 0 
7f3a5b1ff000-7f3a5b216000 r-xp 00000000 fd:01 2629913                    /usr/lib/jvm/java-8-openjdk-amd64/jre/lib/amd64/libnet.so
7f3a5b216000-7f3a5b415000 ---p 00017000 fd:01 2629913                    /usr/lib/jvm/java-8-openjdk-amd64/jre/lib/amd64/libnet.so
7f3a5b415000-7f3a5b416000 r--p 00016000 fd:01 2629913                    /usr/lib/jvm/java-8-openjdk-amd64/jre/lib/amd64/libnet.so
7f3a5b416000-7f3a5b417000 rw-p 00017000 fd:01 2629913                    /usr/lib/jvm/java-8-openjdk-amd64/jre/lib/amd64/libnet.so
7f3a5b417000-7f3a5b418000 ---p 00000000 00:00 0 
7f3a5b418000-7f3a5b41b000 ---p 00000000 00:00 0 
7f3a5b41b000-7f3a5b518000 rw-p 00000000 00:00 0 
7f3a5b518000-7f3a5b51b000 ---p 00000000 00:00 0 
7f3a5b51b000-7f3a5b619000 rw-p 00000000 00:00 0 
7f3a5b619000-7f3a5b631000 r--s 00152000 fd:01 4588645                    /home/dbudischek/.m2/repository/org/antlr/antlr4/4.5.1/antlr4-4.5.1.jar
7f3a5b631000-7f3a5c000000 r--p 00000000 fd:01 2497222                    /usr/lib/locale/locale-archive
7f3a5c000000-7f3a5cf33000 rw-p 00000000 00:00 0 
7f3a5cf33000-7f3a60000000 ---p 00000000 00:00 0 
7f3a60000000-7f3a60021000 rw-p 00000000 00:00 0 
7f3a60021000-7f3a64000000 ---p 00000000 00:00 0 
7f3a64000000-7f3a64a00000 rw-p 00000000 00:00 0 
7f3a64a00000-7f3a68000000 ---p 00000000 00:00 0 
7f3a68000000-7f3a6c000000 rw-p 00000000 00:00 0 
7f3a6c000000-7f3a6c8b5000 rw-p 00000000 00:00 0 
7f3a6c8b5000-7f3a70000000 ---p 00000000 00:00 0 
7f3a7000a000-7f3a7000b000 r--p 00000000 fd:01 3280138                    /usr/share/locale-langpack/en_GB/LC_MESSAGES/libc.mo
7f3a7000b000-7f3a7000d000 r--s 0001b000 07:06 310                        /snap/intellij-idea-ultimate/139/lib/idea_rt.jar
7f3a7000d000-7f3a70010000 r--s 00019000 fd:01 4588651                    /home/dbudischek/.m2/repository/bsf/bsf/2.4.0/bsf-2.4.0.jar
7f3a70010000-7f3a70012000 r--s 0000c000 fd:01 4588648                    /home/dbudischek/.m2/repository/javax/activation/javax.activation-api/1.2.0/javax.activation-api-1.2.0.jar
7f3a70012000-7f3a70016000 r--s 0001c000 fd:01 4588640                    /home/dbudischek/.m2/repository/javax/xml/bind/jaxb-api/2.3.1/jaxb-api-2.3.1.jar
7f3a70016000-7f3a7001c000 r--s 00044000 fd:01 4588641                    /home/dbudischek/.m2/repository/org/antlr/antlr4-runtime/4.5.1/antlr4-runtime-4.5.1.jar
7f3a7001c000-7f3a70023000 r--s 00040000 fd:01 4588638                    /home/dbudischek/.m2/repository/com/graphql-java/graphql-java/2.2.0/graphql-java-2.2.0.jar
7f3a70023000-7f3a70025000 r--s 0000a000 fd:01 4588629                    /home/dbudischek/.m2/repository/org/apache/lucene/lucene-sandbox/4.7.1/lucene-sandbox-4.7.1.jar
7f3a70025000-7f3a7002e000 r--s 00057000 fd:01 4588596                    /home/dbudischek/.m2/repository/org/apache/lucene/lucene-queryparser/4.7.1/lucene-queryparser-4.7.1.jar
7f3a7002e000-7f3a7003e000 r--s 00185000 fd:01 4588628                    /home/dbudischek/.m2/repository/org/apache/lucene/lucene-analyzers-common/4.7.1/lucene-analyzers-common-4.7.1.jar
7f3a7003e000-7f3a70044000 r--s 0002e000 fd:01 4588634                    /home/dbudischek/.m2/repository/org/apache/lucene/lucene-queries/4.7.1/lucene-queries-4.7.1.jar
7f3a70044000-7f3a7006b000 r--s 00219000 fd:01 4588636                    /home/dbudischek/.m2/repository/org/apache/lucene/lucene-core/4.7.1/lucene-core-4.7.1.jar
7f3a7006b000-7f3a70092000 r--s 001f6000 fd:01 4588600                    /home/dbudischek/.m2/repository/org/apache/commons/commons-math3/3.6.1/commons-math3-3.6.1.jar
7f3a70092000-7f3a70099000 r--s 0004b000 fd:01 4588625                    /home/dbudischek/.m2/repository/commons-codec/commons-codec/1.11/commons-codec-1.11.jar
7f3a70099000-7f3a700a0000 r--s 00049000 fd:01 4588621                    /home/dbudischek/.m2/repository/org/apache/httpcomponents/httpcore/4.4.9/httpcore-4.4.9.jar
7f3a700a0000-7f3a700ae000 r--s 000ae000 fd:01 4588615                    /home/dbudischek/.m2/repository/org/apache/httpcomponents/httpclient/4.5.5/httpclient-4.5.5.jar
7f3a700ae000-7f3a700b0000 r--s 00002000 fd:01 4588616                    /home/dbudischek/.m2/repository/net/sourceforge/javacsv/javacsv/2.0/javacsv-2.0.jar
7f3a700b0000-7f3a700b2000 r--s 0000d000 fd:01 4588610                    /home/dbudischek/.m2/repository/com/beust/jcommander/1.30/jcommander-1.30.jar
7f3a700b2000-7f3a700b5000 r--s 0002d000 fd:01 4588687                    /home/dbudischek/.m2/repository/crosby/binary/osmpbf/1.3.4-SNAPSHOT/osmpbf-1.3.4-20150914.191218-1.jar
7f3a700b5000-7f3a700b6000 r--s 00004000 fd:01 4588611                    /home/dbudischek/.m2/repository/com/jamesmurty/utils/java-xmlbuilder/0.4/java-xmlbuilder-0.4.jar
7f3a700b6000-7f3a700bf000 r--s 00072000 fd:01 4588604                    /home/dbudischek/.m2/repository/net/java/dev/jets3t/jets3t/0.8.1/jets3t-0.8.1.jar
7f3a700bf000-7f3a700c1000 r--s 00008000 fd:01 4588652                    /home/dbudischek/.m2/repository/commons-logging/commons-logging/1.0.4/commons-logging-1.0.4.jar
7f3a700c1000-7f3a700c4000 r--s 00010000 fd:01 4588601                    /home/dbudischek/.m2/repository/commons-discovery/commons-discovery/0.4/commons-discovery-0.4.jar
7f3a700c4000-7f3a700cf000 r--s 00086000 fd:01 4588599                    /home/dbudischek/.m2/repository/org/apache/commons/commons-compress/1.18/commons-compress-1.18.jar
7f3a700cf000-7f3a700d1000 r--s 00006000 fd:01 4588591                    /home/dbudischek/.m2/repository/org/apache/axis/axis-jaxrpc/1.4/axis-jaxrpc-1.4.jar
7f3a700d1000-7f3a700e5000 r--s 00173000 fd:01 4588585                    /home/dbudischek/.m2/repository/org/apache/axis/axis/1.4/axis-1.4.jar
7f3a700e5000-7f3a700e8000 r--s 00010000 fd:01 4588592                    /home/dbudischek/.m2/repository/net/sf/flexjson/flexjson/2.0/flexjson-2.0.jar
7f3a700e8000-7f3a700eb000 r--s 00020000 fd:01 4588584                    /home/dbudischek/.m2/repository/ar/com/hjg/pngj/2.0.1/pngj-2.0.1.jar
7f3a700eb000-7f3a700fb000 r--s 0007c000 fd:01 4588590                    /home/dbudischek/.m2/repository/joda-time/joda-time/2.1/joda-time-2.1.jar
7f3a700fb000-7f3a70103000 r--s 0008a000 fd:01 4588612                    /home/dbudischek/.m2/repository/com/google/protobuf/protobuf-java/2.6.1/protobuf-java-2.6.1.jar
7f3a70103000-7f3a70106000 r--s 00036000 fd:01 4588678                    /home/dbudischek/.m2/repository/org/processing/core/1.0.7/core-1.0.7.jar
7f3a70106000-7f3a7010b000 r--s 0002a000 fd:01 4588586                    /home/dbudischek/.m2/repository/commons-beanutils/commons-beanutils/1.7.0/commons-beanutils-1.7.0.jar
7f3a7010b000-7f3a7010e000 r--s 00015000 fd:01 4588690                    /home/dbudischek/.m2/repository/org/onebusaway/onebusaway-csv-entities/1.1.6/onebusaway-csv-entities-1.1.6.jar
7f3a7010e000-7f3a70112000 r--s 00020000 fd:01 4588689                    /home/dbudischek/.m2/repository/org/onebusaway/onebusaway-gtfs/1.3.41/onebusaway-gtfs-1.3.41.jar
7f3a70112000-7f3a70113000 r--s 00000000 fd:01 4457573                    /home/dbudischek/.m2/repository/javax/inject/javax.inject/1/javax.inject-1.jar
7f3a70113000-7f3a70114000 r--s 00001000 fd:01 4588580                    /home/dbudischek/.m2/repository/javax/annotation/jsr250-api/1.0/jsr250-api-1.0.jar
7f3a70114000-7f3a7012d000 r--s 00126000 fd:01 4588579                    /home/dbudischek/.m2/repository/io/netty/netty/3.9.2.Final/netty-3.9.2.Final.jar
7f3a7012d000-7f3a70138000 r--s 00077000 fd:01 4588578                    /home/dbudischek/.m2/repository/com/ning/async-http-client/1.8.12/async-http-client-1.8.12.jar
7f3a70138000-7f3a7013a000 r--s 00004000 fd:01 4588548                    /home/dbudischek/.m2/repository/javax/xml/stream/stax-api/1.0-2/stax-api-1.0-2.jar
7f3a7013a000-7f3a70140000 r--s 00071000 fd:01 4588562                    /home/dbudischek/.m2/repository/org/codehaus/woodstox/woodstox-core-asl/4.4.1/woodstox-core-asl-4.4.1.jar
7f3a70140000-7f3a70144000 r--s 00024000 fd:01 4588564                    /home/dbudischek/.m2/repository/org/codehaus/woodstox/stax2-api/3.1.4/stax2-api-3.1.4.jar
7f3a70144000-7f3a7014a000 r--s 00078000 fd:01 4588566                    /home/dbudischek/.m2/repository/com/fasterxml/woodstox/woodstox-core/5.0.3/woodstox-core-5.0.3.jar
7f3a7014a000-7f3a7014d000 r--s 00016000 fd:01 4588569                    /home/dbudischek/.m2/repository/com/fasterxml/jackson/dataformat/jackson-dataformat-xml/2.9.7/jackson-dataformat-xml-2.9.7.jar
7f3a7014d000-7f3a7014f000 r--s 00002000 fd:01 4588556                    /home/dbudischek/.m2/repository/com/fasterxml/jackson/jaxrs/jackson-jaxrs-xml-provider/2.9.7/jackson-jaxrs-xml-provider-2.9.7.jar
7f3a7014f000-7f3a70151000 r--s 00007000 fd:01 4588565                    /home/dbudischek/.m2/repository/com/fasterxml/jackson/module/jackson-module-jaxb-annotations/2.9.7/jackson-module-jaxb-annotations-2.9.7.jar
7f3a70151000-7f3a70152000 r--s 00007000 fd:01 4588563                    /home/dbudischek/.m2/repository/com/fasterxml/jackson/jaxrs/jackson-jaxrs-base/2.9.7/jackson-jaxrs-base-2.9.7.jar
7f3a70152000-7f3a70153000 r--s 00003000 fd:01 4588533                    /home/dbudischek/.m2/repository/com/fasterxml/jackson/jaxrs/jackson-jaxrs-json-provider/2.9.7/jackson-jaxrs-json-provider-2.9.7.jar
7f3a70153000-7f3a70156000 r--s 0000e000 fd:01 4588513                    /home/dbudischek/.m2/repository/com/fasterxml/jackson/core/jackson-annotations/2.9.0/jackson-annotations-2.9.0.jar
7f3a70156000-7f3a70169000 r--s 00137000 fd:01 4588526                    /home/dbudischek/.m2/repository/com/fasterxml/jackson/core/jackson-databind/2.9.7/jackson-databind-2.9.7.jar
7f3a70169000-7f3a7016d000 r--s 0004c000 fd:01 4458652                    /home/dbudischek/.m2/repository/com/fasterxml/jackson/core/jackson-core/2.9.7/jackson-core-2.9.7.jar
7f3a7016d000-7f3a7017e000 r--s 000c9000 fd:01 4588542                    /home/dbudischek/.m2/repository/org/glassfish/grizzly/grizzly-framework/2.3.19/grizzly-framework-2.3.19.jar
7f3a7017e000-7f3a70183000 r--s 0004d000 fd:01 4588553                    /home/dbudischek/.m2/repository/org/glassfish/grizzly/grizzly-http/2.3.19/grizzly-http-2.3.19.jar
7f3a70183000-7f3a70189000 r--s 00040000 fd:01 4588552                    /home/dbudischek/.m2/repository/org/glassfish/grizzly/grizzly-http-server/2.3.19/grizzly-http-server-2.3.19.jar
7f3a70189000-7f3a7018b000 r--s 00005000 fd:01 4588523                    /home/dbudischek/.m2/repository/org/glassfish/jersey/containers/jersey-container-grizzly2-http/2.18/jersey-container-grizzly2-http-2.18.jar
7f3a7018b000-7f3a7018d000 r--s 0000e000 fd:01 4588543                    /home/dbudischek/.m2/repository/org/jvnet/mimepull/mimepull/1.9.5/mimepull-1.9.5.jar
7f3a7018d000-7f3a70190000 r--s 0000e000 fd:01 4588535                    /home/dbudischek/.m2/repository/org/glassfish/jersey/media/jersey-media-multipart/2.18/jersey-media-multipart-2.18.jar
7f3a70190000-7f3a70194000 r--s 0000c000 fd:01 4457543                    /home/dbudischek/.m2/repository/javax/validation/validation-api/1.1.0.Final/validation-api-1.1.0.Final.jar
7f3a70194000-7f3a7019e000 r--s 000a5000 fd:01 4588527                    /home/dbudischek/.m2/repository/org/javassist/javassist/3.18.1-GA/javassist-3.18.1-GA.jar
7f3a7019e000-7f3a701a1000 r--s 00027000 fd:01 4588512                    /home/dbudischek/.m2/repository/org/glassfish/hk2/hk2-locator/2.4.0-b12/hk2-locator-2.4.0-b12.jar
7f3a701a1000-7f3a701a2000 r--s 00001000 fd:01 4588549                    /home/dbudischek/.m2/repository/org/glassfish/hk2/external/javax.inject/2.4.0-b12/javax.inject-2.4.0-b12.jar
7f3a701a2000-7f3a701a4000 r--s 00002000 fd:01 4588534                    /home/dbudischek/.m2/repository/org/glassfish/hk2/external/aopalliance-repackaged/2.4.0-b12/aopalliance-repackaged-2.4.0-b12.jar
7f3a701a4000-7f3a701a7000 r--s 00015000 fd:01 4588516                    /home/dbudischek/.m2/repository/org/glassfish/hk2/hk2-utils/2.4.0-b12/hk2-utils-2.4.0-b12.jar
7f3a701a7000-7f3a701ac000 r--s 00028000 fd:01 4588546                    /home/dbudischek/.m2/repository/org/glassfish/hk2/hk2-api/2.4.0-b12/hk2-api-2.4.0-b12.jar
7f3a701ac000-7f3a701ae000 r--s 00005000 fd:01 4588519                    /home/dbudischek/.m2/repository/javax/annotation/javax.annotation-api/1.2/javax.annotation-api-1.2.jar
7f3a701ae000-7f3a701b1000 r--s 0000f000 fd:01 4588465                    /home/dbudischek/.m2/repository/org/glassfish/jersey/media/jersey-media-jaxb/2.18/jersey-media-jaxb-2.18.jar
7f3a701b1000-7f3a701b5000 r--s 00019000 fd:01 4588551                    /home/dbudischek/.m2/repository/javax/ws/rs/javax.ws.rs-api/2.0.1/javax.ws.rs-api-2.0.1.jar
7f3a701b5000-7f3a701b9000 r--s 00023000 fd:01 4588530                    /home/dbudischek/.m2/repository/org/glassfish/jersey/core/jersey-client/2.18/jersey-client-2.18.jar
7f3a701b9000-7f3a701ba000 r--s 00004000 fd:01 4588544                    /home/dbudischek/.m2/repository/org/glassfish/hk2/osgi-resource-locator/1.0.1/osgi-resource-locator-1.0.1.jar
7f3a701ba000-7f3a701d1000 r--s 000d2000 fd:01 4588521                    /home/dbudischek/.m2/repository/org/glassfish/jersey/bundles/repackaged/jersey-guava/2.18/jersey-guava-2.18.jar
7f3a701d1000-7f3a701df000 r--s 0009b000 fd:01 4588557                    /home/dbudischek/.m2/repository/org/glassfish/jersey/core/jersey-common/2.18/jersey-common-2.18.jar
7f3a701df000-7f3a701f4000 r--s 000cc000 fd:01 4588522                    /home/dbudischek/.m2/repository/org/glassfish/jersey/core/jersey-server/2.18/jersey-server-2.18.jar
7f3a701f4000-7f3a701f5000 r--s 00000000 fd:01 4458632                    /home/dbudischek/.m2/repository/org/codehaus/mojo/animal-sniffer-annotations/1.17/animal-sniffer-annotations-1.17.jar
7f3a701f5000-7f3a701f7000 r--s 00001000 fd:01 4458648                    /home/dbudischek/.m2/repository/com/google/j2objc/j2objc-annotations/1.1/j2objc-annotations-1.1.jar
7f3a701f7000-7f3a701f9000 r--s 00002000 fd:01 4458646                    /home/dbudischek/.m2/repository/com/google/errorprone/error_prone_annotations/2.2.0/error_prone_annotations-2.2.0.jar
7f3a701f9000-7f3a70203000 r--s 00026000 fd:01 4458641                    /home/dbudischek/.m2/repository/org/checkerframework/checker-qual/2.5.2/checker-qual-2.5.2.jar
7f3a70203000-7f3a70205000 r--s 00003000 fd:01 4458628                    /home/dbudischek/.m2/repository/com/google/code/findbugs/jsr305/3.0.2/jsr305-3.0.2.jar
7f3a70205000-7f3a70206000 r--s 00000000 fd:01 4458608                    /home/dbudischek/.m2/repository/com/google/guava/listenablefuture/9999.0-empty-to-avoid-conflict-with-guava/listenablefuture-9999.0-empty-to-avoid-conflict-with-guava.jar
7f3a70206000-7f3a70208000 r--s 00000000 fd:01 4588506                    /home/dbudischek/.m2/repository/com/google/guava/failureaccess/1.0.1/failureaccess-1.0.1.jar
7f3a70208000-7f3a7023a000 r--s 0026d000 fd:01 4588505                    /home/dbudischek/.m2/repository/com/google/guava/guava/27.0.1-jre/guava-27.0.1-jre.jar
7f3a7023a000-7f3a70262000 r--s 00241000 fd:01 4588502                    /home/dbudischek/.m2/repository/net/sf/trove4j/trove4j/3.0.3/trove4j-3.0.3.jar
7f3a70262000-7f3a70265000 r--s 00017000 fd:01 4588498                    /home/dbudischek/.m2/repository/de/javakaffee/kryo-serializers/0.42/kryo-serializers-0.42.jar
7f3a70265000-7f3a70268000 r--s 0000b000 fd:01 4588493                    /home/dbudischek/.m2/repository/org/objenesis/objenesis/2.5.1/objenesis-2.5.1.jar
7f3a70268000-7f3a70269000 r--s 00001000 fd:01 4588494                    /home/dbudischek/.m2/repository/com/esotericsoftware/minlog/1.3.0/minlog-1.3.0.jar
7f3a70269000-7f3a7026b000 r--s 0000c000 fd:01 4588482                    /home/dbudischek/.m2/repository/org/ow2/asm/asm/5.0.4/asm-5.0.4.jar
7f3a7026b000-7f3a7026d000 r--s 00004000 fd:01 4588490                    /home/dbudischek/.m2/repository/com/esotericsoftware/reflectasm/1.11.3/reflectasm-1.11.3.jar
7f3a7026d000-7f3a70274000 r--s 0004c000 fd:01 4588488                    /home/dbudischek/.m2/repository/com/esotericsoftware/kryo/4.0.2/kryo-4.0.2.jar
7f3a70274000-7f3a70276000 r--s 00003000 fd:01 4588486                    /home/dbudischek/.m2/repository/com/conveyal/kryo-tools/1.2.0/kryo-tools-1.2.0.jar
7f3a70276000-7f3a70277000 r--s 00003000 fd:01 4588471                    /home/dbudischek/.m2/repository/de/grundid/opendatalab/geojson-jackson/1.2/geojson-jackson-1.2.jar
7f3a70277000-7f3a70285000 r--s 0016d000 fd:01 4588473                    /home/dbudischek/.m2/repository/org/hsqldb/hsqldb/2.4.1/hsqldb-2.4.1.jar
7f3a70285000-7f3a70287000 r--s 00238000 fd:01 4588676                    /home/dbudischek/.m2/repository/org/geotools/gt-epsg-hsql/20.1/gt-epsg-hsql-20.1.jar
7f3a70287000-7f3a7028d000 r--s 00045000 fd:01 4588598                    /home/dbudischek/.m2/repository/commons-httpclient/commons-httpclient/3.1/commons-httpclient-3.1.jar
7f3a7028d000-7f3a7028f000 r--s 00005000 fd:01 4457523                    /home/dbudischek/.m2/repository/xpp3/xpp3_min/1.1.4c/xpp3_min-1.1.4c.jar
7f3a7028f000-7f3a7029f000 r--s 0011d000 fd:01 4471046                    /home/dbudischek/.m2/repository/org/eclipse/emf/ecore/2.6.1/ecore-2.6.1.jar
7f3a7029f000-7f3a702a3000 r--s 00030000 fd:01 4471007                    /home/dbudischek/.m2/repository/org/eclipse/emf/common/2.6.0/common-2.6.0.jar
7f3a702a3000-7f3a702a7000 r--s 00035000 fd:01 4471051                    /home/dbudischek/.m2/repository/org/geotools/ogc/net.opengis.fes/16.5/net.opengis.fes-16.5.jar
7f3a702a7000-7f3a702a8000 r--s 0000c000 fd:01 4471062                    /home/dbudischek/.m2/repository/org/geotools/ogc/org.w3.xlink/16.5/org.w3.xlink-16.5.jar
7f3a702a8000-7f3a702ae000 r--s 00063000 fd:01 4471015                    /home/dbudischek/.m2/repository/org/geotools/ogc/net.opengis.wfs/16.5/net.opengis.wfs-16.5.jar
7f3a702ae000-7f3a702b6000 r--s 0007a000 fd:01 4471058                    /home/dbudischek/.m2/repository/org/geotools/ogc/net.opengis.ows/16.5/net.opengis.ows-16.5.jar
7f3a702b6000-7f3a702b9000 r--s 0001b000 fd:01 4588681                    /home/dbudischek/.m2/repository/org/geotools/xsd/gt-xsd-ows/16.5/gt-xsd-ows-16.5.jar
7f3a702b9000-7f3a702bc000 r--s 0000f000 fd:01 4588673                    /home/dbudischek/.m2/repository/org/geotools/xsd/gt-xsd-fes/16.5/gt-xsd-fes-16.5.jar
7f3a702bc000-7f3a702d5000 r--s 00163000 fd:01 4588680                    /home/dbudischek/.m2/repository/org/geotools/xsd/gt-xsd-gml3/16.5/gt-xsd-gml3-16.5.jar
7f3a702d5000-7f3a702d8000 r--s 0001a000 fd:01 4588677                    /home/dbudischek/.m2/repository/org/geotools/xsd/gt-xsd-gml2/16.5/gt-xsd-gml2-16.5.jar
7f3a702d8000-7f3a702df000 r--s 000ec000 fd:01 4588669                    /home/dbudischek/.m2/repository/org/eclipse/xsd/xsd/2.6.0/xsd-2.6.0.jar
7f3a702df000-7f3a702ec000 r--s 00083000 fd:01 4588464                    /home/dbudischek/.m2/repository/commons-collections/commons-collections/3.2.2/commons-collections-3.2.2.jar
7f3a702ec000-7f3a702f2000 r--s 00044000 fd:01 4588462                    /home/dbudischek/.m2/repository/commons-jxpath/commons-jxpath/1.3/commons-jxpath-1.3.jar
7f3a702f2000-7f3a702f6000 r--s 00018000 fd:01 4588466                    /home/dbudischek/.m2/repository/picocontainer/picocontainer/1.2/picocontainer-1.2.jar
7f3a702f6000-7f3a702fb000 r--s 00025000 fd:01 4588668                    /home/dbudischek/.m2/repository/org/geotools/gt-graph/16.5/gt-graph-16.5.jar
7f3a702fb000-7f3a70302000 r--s 00046000 fd:01 4588667                    /home/dbudischek/.m2/repository/org/geotools/xsd/gt-xsd-core/16.5/gt-xsd-core-16.5.jar
7f3a70302000-7f3a70306000 r--s 00017000 fd:01 4471050                    /home/dbudischek/.m2/repository/org/geotools/xsd/gt-xsd-filter/16.5/gt-xsd-filter-16.5.jar
7f3a70306000-7f3a7030a000 r--s 00021000 fd:01 4471035                    /home/dbudischek/.m2/repository/org/geotools/xsd/gt-xsd-wfs/16.5/gt-xsd-wfs-16.5.jar
7f3a7030a000-7f3a7030c000 r--s 00013000 fd:01 4588663                    /home/dbudischek/.m2/repository/org/apache/xml/xml-commons-resolver/1.2/xml-commons-resolver-1.2.jar
7f3a7030c000-7f3a70316000 r--s 00096000 fd:01 4471005                    /home/dbudischek/.m2/repository/org/geotools/gt-xml/16.5/gt-xml-16.5.jar
7f3a70316000-7f3a7031c000 r--s 0004a000 fd:01 4471018                    /home/dbudischek/.m2/repository/org/geotools/gt-wfs/16.5/gt-wfs-16.5.jar
7f3a7031c000-7f3a7031d000 r--s 00003000 fd:01 4458623                    /home/dbudischek/.m2/repository/si/uom/si-units-java8/0.7.1/si-units-java8-0.7.1.jar
7f3a7031d000-7f3a7031f000 r--s 00001000 fd:01 4458642                    /home/dbudischek/.m2/repository/si/uom/si-quantity/0.7.1/si-quantity-0.7.1.jar
7f3a7031f000-7f3a70321000 r--s 00002000 fd:01 4458617                    /home/dbudischek/.m2/repository/tec/uom/lib/uom-lib-common/1.0.2/uom-lib-common-1.0.2.jar
7f3a70321000-7f3a70323000 r--s 00005000 fd:01 4458647                    /home/dbudischek/.m2/repository/javax/measure/unit-api/1.0/unit-api-1.0.jar
7f3a70323000-7f3a70327000 r--s 00033000 fd:01 4458638                    /home/dbudischek/.m2/repository/tec/uom/uom-se/1.0.8/uom-se-1.0.8.jar
7f3a70327000-7f3a70328000 r--s 00005000 fd:01 4458626                    /home/dbudischek/.m2/repository/systems/uom/systems-common-java8/0.7.2/systems-common-java8-0.7.2.jar
7f3a70328000-7f3a70336000 r--s 00048000 fd:01 4470998                    /home/dbudischek/.m2/repository/org/geotools/gt-opengis/20.1/gt-opengis-20.1.jar
7f3a70336000-7f3a70337000 r--s 00007000 fd:01 4471001                    /home/dbudischek/.m2/repository/org/geotools/gt-geotiff/20.1/gt-geotiff-20.1.jar
7f3a70337000-7f3a7033d000 r--s 00045000 fd:01 4458636                    /home/dbudischek/.m2/repository/org/jdom/jdom2/2.0.6/jdom2-2.0.6.jar
7f3a7033d000-7f3a7033f000 r--s 00015000 fd:01 4471010                    /home/dbudischek/.m2/repository/org/geotools/gt-data/20.1/gt-data-20.1.jar
7f3a7033f000-7f3a70343000 r--s 00033000 fd:01 4471011                    /home/dbudischek/.m2/repository/org/geotools/gt-shapefile/20.1/gt-shapefile-20.1.jar
7f3a70343000-7f3a70346000 r--s 0000b000 fd:01 4471129                    /home/dbudischek/.m2/repository/it/geosolutions/imageio-ext/imageio-ext-streams/1.1.27/imageio-ext-streams-1.1.27.jar
7f3a70346000-7f3a70348000 r--s 00009000 fd:01 4471064                    /home/dbudischek/.m2/repository/it/geosolutions/imageio-ext/imageio-ext-arcgrid/1.1.27/imageio-ext-arcgrid-1.1.27.jar
7f3a70348000-7f3a70349000 r--s 00005000 fd:01 4470995                    /home/dbudischek/.m2/repository/org/geotools/gt-arcgrid/20.1/gt-arcgrid-20.1.jar
7f3a70349000-7f3a7034d000 r--s 00031000 fd:01 4458618                    /home/dbudischek/.m2/repository/commons-io/commons-io/2.6/commons-io-2.6.jar
7f3a7034d000-7f3a7034f000 r--s 00008000 fd:01 4471119                    /home/dbudischek/.m2/repository/it/geosolutions/jaiext/shadedrelief/jt-shadedrelief/1.1.3/jt-shadedrelief-1.1.3.jar
7f3a7034f000-7f3a70351000 r--s 00003000 fd:01 4471083                    /home/dbudischek/.m2/repository/it/geosolutions/jaiext/vectorbin/jt-vectorbin/1.1.3/jt-vectorbin-1.1.3.jar
7f3a70351000-7f3a70352000 r--s 00004000 fd:01 4471125                    /home/dbudischek/.m2/repository/it/geosolutions/jaiext/rlookup/jt-rlookup/1.1.3/jt-rlookup-1.1.3.jar
7f3a70352000-7f3a70353000 r--s 00004000 fd:01 4471122                    /home/dbudischek/.m2/repository/it/geosolutions/jaiext/classifier/jt-classifier/1.1.3/jt-classifier-1.1.3.jar
7f3a70353000-7f3a70355000 r--s 00008000 fd:01 4471123                    /home/dbudischek/.m2/repository/it/geosolutions/jaiext/piecewise/jt-piecewise/1.1.3/jt-piecewise-1.1.3.jar
7f3a70355000-7f3a70357000 r--s 00002000 fd:01 4471066                    /home/dbudischek/.m2/repository/it/geosolutions/jaiext/imagefunction/jt-imagefunction/1.1.3/jt-imagefunction-1.1.3.jar
7f3a70357000-7f3a70359000 r--s 00008000 fd:01 4471115                    /home/dbudischek/.m2/repository/it/geosolutions/jaiext/colorindexer/jt-colorindexer/1.1.3/jt-colorindexer-1.1.3.jar
7f3a70359000-7f3a7035a000 r--s 00006000 fd:01 4471108                    /home/dbudischek/.m2/repository/it/geosolutions/jaiext/orderdither/jt-orderdither/1.1.3/jt-orderdither-1.1.3.jar
7f3a7035a000-7f3a7035b000 r--s 00004000 fd:01 4471107                    /home/dbudischek/.m2/repository/it/geosolutions/jaiext/errordiffusion/jt-errordiffusion/1.1.3/jt-errordiffusion-1.1.3.jar
7f3a7035b000-7f3a7035d000 r--s 00010000 fd:01 4471094                    /home/dbudischek/.m2/repository/it/geosolutions/jaiext/colorconvert/jt-colorconvert/1.1.3/jt-colorconvert-1.1.3.jar
7f3a7035d000-7f3a7035e000 r--s 00001000 fd:01 4471084                    /home/dbudischek/.m2/repository/it/geosolutions/jaiext/format/jt-format/1.1.3/jt-format-1.1.3.jar
7f3a7035e000-7f3a7035f000 r--s 00003000 fd:01 4471097                    /home/dbudischek/.m2/repository/it/geosolutions/jaiext/binarize/jt-binarize/1.1.3/jt-binarize-1.1.3.jar
7f3a7035f000-7f3a70360000 r--s 00008000 fd:01 4471091                    /home/dbudischek/.m2/repository/it/geosolutions/jaiext/zonal/jt-zonal/1.1.3/jt-zonal-1.1.3.jar
7f3a70360000-7f3a70362000 r--s 00010000 fd:01 4471095                    /home/dbudischek/.m2/repository/it/geosolutions/jaiext/warp/jt-warp/1.1.3/jt-warp-1.1.3.jar
7f3a70362000-7f3a70365000 r--s 00027000 fd:01 4471117                    /home/dbudischek/.m2/repository/it/geosolutions/jaiext/utilities/jt-utilities/1.1.3/jt-utilities-1.1.3.jar
7f3a70365000-7f3a70366000 r--s 00002000 fd:01 4471104                    /home/dbudischek/.m2/repository/it/geosolutions/jaiext/translate/jt-translate/1.1.3/jt-translate-1.1.3.jar
7f3a70366000-7f3a70367000 r--s 00008000 fd:01 4471079                    /home/dbudischek/.m2/repository/it/geosolutions/jaiext/stats/jt-stats/1.1.3/jt-stats-1.1.3.jar
7f3a70367000-7f3a70369000 r--s 00016000 fd:01 4471101                    /home/dbudischek/.m2/repository/it/geosolutions/jaiext/scale2/jt-scale2/1.1.3/jt-scale2-1.1.3.jar
7f3a70369000-7f3a7036a000 r--s 00016000 fd:01 4471065                    /home/dbudischek/.m2/repository/it/geosolutions/jaiext/scale/jt-scale/1.1.3/jt-scale-1.1.3.jar
7f3a7036a000-7f3a7036b000 r--s 00004000 fd:01 4471090                    /home/dbudischek/.m2/repository/it/geosolutions/jaiext/rescale/jt-rescale/1.1.3/jt-rescale-1.1.3.jar
7f3a7036b000-7f3a7036c000 r--s 00001000 fd:01 4471088                    /home/dbudischek/.m2/repository/it/geosolutions/jaiext/nullop/jt-nullop/1.1.3/jt-nullop-1.1.3.jar
7f3a7036c000-7f3a7036d000 r--s 00008000 fd:01 4471061                    /home/dbudischek/.m2/repository/it/geosolutions/jaiext/mosaic/jt-mosaic/1.1.3/jt-mosaic-1.1.3.jar
7f3a7036d000-7f3a7036f000 r--s 00009000 fd:01 4471085                    /home/dbudischek/.m2/repository/it/geosolutions/jaiext/lookup/jt-lookup/1.1.3/jt-lookup-1.1.3.jar
7f3a7036f000-7f3a70371000 r--s 00005000 fd:01 4471105                    /home/dbudischek/.m2/repository/it/geosolutions/jaiext/iterators/jt-iterators/1.1.3/jt-iterators-1.1.3.jar
7f3a70371000-7f3a70372000 r--s 00002000 fd:01 4471022                    /home/dbudischek/.m2/repository/it/geosolutions/jaiext/crop/jt-crop/1.1.3/jt-crop-1.1.3.jar
7f3a70372000-7f3a70373000 r--s 00004000 fd:01 4471081                    /home/dbudischek/.m2/repository/it/geosolutions/jaiext/buffer/jt-buffer/1.1.3/jt-buffer-1.1.3.jar
7f3a70373000-7f3a70374000 r--s 00003000 fd:01 4471096                    /home/dbudischek/.m2/repository/it/geosolutions/jaiext/border/jt-border/1.1.3/jt-border-1.1.3.jar
7f3a70374000-7f3a70376000 r--s 00003000 fd:01 4471078                    /home/dbudischek/.m2/repository/it/geosolutions/jaiext/bandcombine/jt-bandcombine/1.1.3/jt-bandcombine-1.1.3.jar
7f3a70376000-7f3a70378000 r--s 00001000 fd:01 4471075                    /home/dbudischek/.m2/repository/it/geosolutions/jaiext/bandselect/jt-bandselect/1.1.3/jt-bandselect-1.1.3.jar
7f3a70378000-7f3a70379000 r--s 00008000 fd:01 4471048                    /home/dbudischek/.m2/repository/it/geosolutions/jaiext/bandmerge/jt-bandmerge/1.1.3/jt-bandmerge-1.1.3.jar
7f3a70379000-7f3a7037b000 r--s 0000c000 fd:01 4471069                    /home/dbudischek/.m2/repository/it/geosolutions/jaiext/algebra/jt-algebra/1.1.3/jt-algebra-1.1.3.jar
7f3a7037b000-7f3a7037d000 r--s 0001d000 fd:01 4471059                    /home/dbudischek/.m2/repository/it/geosolutions/jaiext/affine/jt-affine/1.1.3/jt-affine-1.1.3.jar
7f3a7037d000-7f3a70381000 r--s 0002e000 fd:01 4458616                    /home/dbudischek/.m2/repository/org/jaitools/jt-utils/1.5.0/jt-utils-1.5.0.jar
7f3a70381000-7f3a70382000 r--s 00004000 fd:01 4458613                    /home/dbudischek/.m2/repository/org/jaitools/jt-zonalstats/1.5.0/jt-zonalstats-1.5.0.jar
7f3a70382000-7f3a70386000 r--s 0003c000 fd:01 4471017                    /home/dbudischek/.m2/repository/javax/media/jai_codec/1.1.3/jai_codec-1.1.3.jar
7f3a70386000-7f3a70388000 r--s 00005000 fd:01 4471031                    /home/dbudischek/.m2/repository/it/geosolutions/imageio-ext/imageio-ext-geocore/1.1.27/imageio-ext-geocore-1.1.27.jar
7f3a70388000-7f3a7038a000 r--s 00009000 fd:01 4471042                    /home/dbudischek/.m2/repository/it/geosolutions/imageio-ext/imageio-ext-utilities/1.1.27/imageio-ext-utilities-1.1.27.jar
7f3a7038a000-7f3a70392000 r--s 0004e000 fd:01 4471132                    /home/dbudischek/.m2/repository/it/geosolutions/imageio-ext/imageio-ext-tiff/1.1.27/imageio-ext-tiff-1.1.27.jar
7f3a70392000-7f3a703a3000 r--s 00106000 fd:01 4471009                    /home/dbudischek/.m2/repository/javax/media/jai_imageio/1.1/jai_imageio-1.1.jar
7f3a703a3000-7f3a703b3000 r--s 000bf000 fd:01 4458624                    /home/dbudischek/.m2/repository/org/locationtech/jts/jts-core/1.16.0/jts-core-1.16.0.jar
7f3a703b3000-7f3a703b9000 r--s 0002f000 fd:01 4471012                    /home/dbudischek/.m2/repository/org/geotools/gt-api/20.1/gt-api-20.1.jar
7f3a703b9000-7f3a703c1000 r--s 0008d000 fd:01 4471029                    /home/dbudischek/.m2/repository/org/geotools/gt-coverage/20.1/gt-coverage-20.1.jar
7f3a703c1000-7f3a703c2000 r--s 00039000 fd:01 4470993                    /home/dbudischek/.m2/repository/org/geotools/gt-referencing3D/20.1/gt-referencing3D-20.1.jar
7f3a703c2000-7f3a703c4000 r--s 00008000 fd:01 4458607                    /home/dbudischek/.m2/repository/net/sf/geographiclib/GeographicLib-Java/1.49/GeographicLib-Java-1.49.jar
7f3a703c4000-7f3a703cd000 r--s 0007a000 fd:01 4471003                    /home/dbudischek/.m2/repository/org/geotools/gt-metadata/20.1/gt-metadata-20.1.jar
7f3a703cd000-7f3a703d0000 r--s 00015000 fd:01 4458634                    /home/dbudischek/.m2/repository/commons-pool/commons-pool/1.5.4/commons-pool-1.5.4.jar
7f3a703d0000-7f3a703e0000 r--s 0011a000 fd:01 4471041                    /home/dbudischek/.m2/repository/org/geotools/gt-referencing/20.1/gt-referencing-20.1.jar
7f3a703e0000-7f3a703f4000 r--s 001bd000 fd:01 4471039                    /home/dbudischek/.m2/repository/javax/media/jai_core/1.1.3/jai_core-1.1.3.jar
7f3a703f4000-7f3a703f7000 ---p 00000000 00:00 0 
7f3a703f7000-7f3a704f5000 rw-p 00000000 00:00 0 
7f3a704f5000-7f3a704f8000 ---p 00000000 00:00 0 
7f3a704f8000-7f3a705f6000 rw-p 00000000 00:00 0 
7f3a705f6000-7f3a705f9000 ---p 00000000 00:00 0 
7f3a705f9000-7f3a706f7000 rw-p 00000000 00:00 0 
7f3a706f7000-7f3a706f8000 ---p 00000000 00:00 0 
7f3a706f8000-7f3a71000000 rw-p 00000000 00:00 0 
7f3a71000000-7f3a715e0000 rwxp 00000000 00:00 0 
7f3a715e0000-7f3a80000000 ---p 00000000 00:00 0 
7f3a80000000-7f3a80d53000 rw-p 00000000 00:00 0 
7f3a80d53000-7f3a84000000 ---p 00000000 00:00 0 
7f3a84000000-7f3a84001000 r--s 00002000 fd:01 4470996                    /home/dbudischek/.m2/repository/jgridshift/jgridshift/1.0/jgridshift-1.0.jar
7f3a84001000-7f3a84005000 r--s 00025000 fd:01 4458612                    /home/dbudischek/.m2/repository/org/ejml/ejml-core/0.34/ejml-core-0.34.jar
7f3a84005000-7f3a8400a000 r--s 0004a000 fd:01 4458610                    /home/dbudischek/.m2/repository/org/ejml/ejml-ddense/0.34/ejml-ddense-0.34.jar
7f3a8400a000-7f3a84012000 r--s 00072000 fd:01 4458593                    /home/dbudischek/.m2/repository/org/apache/commons/commons-lang3/3.7/commons-lang3-3.7.jar
7f3a84012000-7f3a84013000 r--s 00003000 fd:01 4458599                    /home/dbudischek/.m2/repository/com/googlecode/json-simple/json-simple/1.1/json-simple-1.1.jar
7f3a84013000-7f3a8402e000 r--s 0019e000 fd:01 4471028                    /home/dbudischek/.m2/repository/org/geotools/gt-main/20.1/gt-main-20.1.jar
7f3a8402e000-7f3a84030000 r--s 0000e000 fd:01 4470994                    /home/dbudischek/.m2/repository/org/geotools/gt-geojson/20.1/gt-geojson-20.1.jar
7f3a84030000-7f3a84031000 r--s 00001000 fd:01 4458596                    /home/dbudischek/.m2/repository/org/slf4j/jul-to-slf4j/1.7.6/jul-to-slf4j-1.7.6.jar
7f3a84031000-7f3a84036000 r--s 00036000 fd:01 4997133                    /home/dbudischek/.m2/repository/com/google/code/gson/gson/2.8.5/gson-2.8.5.jar
7f3a84036000-7f3a84038000 r--s 00005000 fd:01 4458598                    /home/dbudischek/.m2/repository/org/slf4j/slf4j-api/1.7.5/slf4j-api-1.7.5.jar
7f3a84038000-7f3a84042000 r--s 0005d000 fd:01 4458594                    /home/dbudischek/.m2/repository/ch/qos/logback/logback-core/1.0.13/logback-core-1.0.13.jar
7f3a84042000-7f3a84048000 r--s 0003b000 fd:01 4458592                    /home/dbudischek/.m2/repository/ch/qos/logback/logback-classic/1.0.13/logback-classic-1.0.13.jar
7f3a84048000-7f3a8404e000 r--s 0003d000 fd:01 4473551                    /home/dbudischek/.m2/repository/dummy/dummy/0.0.0/dummy-0.0.0.jar
7f3a8404e000-7f3a84054000 r--s 0003e000 fd:01 3556290                    /home/dbudischek/Dev/Bachelorarbeit/OpenTripPlanner/libs/jsondesign.jar
7f3a84054000-7f3a84067000 r--s 00346000 fd:01 2629936                    /usr/lib/jvm/java-8-openjdk-amd64/jre/lib/resources.jar
7f3a84067000-7f3a84068000 r--s 00000000 fd:01 2629934                    /usr/lib/jvm/java-8-openjdk-amd64/jre/lib/management-agent.jar
7f3a84068000-7f3a8406d000 r--s 000a0000 fd:01 2629932                    /usr/lib/jvm/java-8-openjdk-amd64/jre/lib/jsse.jar
7f3a8406d000-7f3a84072000 r--s 002f9000 fd:01 2629925                    /usr/lib/jvm/java-8-openjdk-amd64/jre/lib/charsets.jar
7f3a84072000-7f3a8408d000 r--s 00394000 fd:01 2890221                    /usr/lib/jvm/java-8-openjdk-amd64/jre/lib/ext/cldrdata.jar
7f3a8408d000-7f3a840a8000 r--s 001d6000 fd:01 2890228                    /usr/lib/jvm/java-8-openjdk-amd64/jre/lib/ext/nashorn.jar
7f3a840a8000-7f3a847af000 rw-p 00000000 00:00 0 
7f3a847af000-7f3a8497e000 r--s 03c33000 fd:01 2629937                    /usr/lib/jvm/java-8-openjdk-amd64/jre/lib/rt.jar
7f3a8497e000-7f3a855f4000 rw-p 00000000 00:00 0 
7f3a855f4000-7f3a855f5000 ---p 00000000 00:00 0 
7f3a855f5000-7f3a856f5000 rw-p 00000000 00:00 0 
7f3a856f5000-7f3a856f6000 ---p 00000000 00:00 0 
7f3a856f6000-7f3a857f6000 rw-p 00000000 00:00 0 
7f3a857f6000-7f3a857f7000 ---p 00000000 00:00 0 
7f3a857f7000-7f3a858f7000 rw-p 00000000 00:00 0 
7f3a858f7000-7f3a858f8000 ---p 00000000 00:00 0 
7f3a858f8000-7f3a85bc3000 rw-p 00000000 00:00 0 
7f3a85bc3000-7f3a85ca3000 ---p 00000000 00:00 0 
7f3a85ca3000-7f3a85e6e000 rw-p 00000000 00:00 0 
7f3a85e6e000-7f3a85f4d000 ---p 00000000 00:00 0 
7f3a85f4d000-7f3a86097000 rw-p 00000000 00:00 0 
7f3a86097000-7f3a860a3000 ---p 00000000 00:00 0 
7f3a860a3000-7f3a860bc000 rw-p 00000000 00:00 0 
7f3a860bc000-7f3a86464000 ---p 00000000 00:00 0 
7f3a86464000-7f3a8646c000 r-xp 00000000 fd:01 2629921                    /usr/lib/jvm/java-8-openjdk-amd64/jre/lib/amd64/libzip.so
7f3a8646c000-7f3a8666b000 ---p 00008000 fd:01 2629921                    /usr/lib/jvm/java-8-openjdk-amd64/jre/lib/amd64/libzip.so
7f3a8666b000-7f3a8666c000 r--p 00007000 fd:01 2629921                    /usr/lib/jvm/java-8-openjdk-amd64/jre/lib/amd64/libzip.so
7f3a8666c000-7f3a8666d000 rw-p 00008000 fd:01 2629921                    /usr/lib/jvm/java-8-openjdk-amd64/jre/lib/amd64/libzip.so
7f3a8666d000-7f3a86678000 r-xp 00000000 fd:01 6296411                    /lib/x86_64-linux-gnu/libnss_files-2.27.so
7f3a86678000-7f3a86877000 ---p 0000b000 fd:01 6296411                    /lib/x86_64-linux-gnu/libnss_files-2.27.so
7f3a86877000-7f3a86878000 r--p 0000a000 fd:01 6296411                    /lib/x86_64-linux-gnu/libnss_files-2.27.so
7f3a86878000-7f3a86879000 rw-p 0000b000 fd:01 6296411                    /lib/x86_64-linux-gnu/libnss_files-2.27.so
7f3a86879000-7f3a8687f000 rw-p 00000000 00:00 0 
7f3a8687f000-7f3a86896000 r-xp 00000000 fd:01 6296405                    /lib/x86_64-linux-gnu/libnsl-2.27.so
7f3a86896000-7f3a86a95000 ---p 00017000 fd:01 6296405                    /lib/x86_64-linux-gnu/libnsl-2.27.so
7f3a86a95000-7f3a86a96000 r--p 00016000 fd:01 6296405                    /lib/x86_64-linux-gnu/libnsl-2.27.so
7f3a86a96000-7f3a86a97000 rw-p 00017000 fd:01 6296405                    /lib/x86_64-linux-gnu/libnsl-2.27.so
7f3a86a97000-7f3a86a99000 rw-p 00000000 00:00 0 
7f3a86a99000-7f3a86aa4000 r-xp 00000000 fd:01 6296422                    /lib/x86_64-linux-gnu/libnss_nis-2.27.so
7f3a86aa4000-7f3a86ca3000 ---p 0000b000 fd:01 6296422                    /lib/x86_64-linux-gnu/libnss_nis-2.27.so
7f3a86ca3000-7f3a86ca4000 r--p 0000a000 fd:01 6296422                    /lib/x86_64-linux-gnu/libnss_nis-2.27.so
7f3a86ca4000-7f3a86ca5000 rw-p 0000b000 fd:01 6296422                    /lib/x86_64-linux-gnu/libnss_nis-2.27.so
7f3a86ca5000-7f3a86cad000 r-xp 00000000 fd:01 6296407                    /lib/x86_64-linux-gnu/libnss_compat-2.27.so
7f3a86cad000-7f3a86ead000 ---p 00008000 fd:01 6296407                    /lib/x86_64-linux-gnu/libnss_compat-2.27.so
7f3a86ead000-7f3a86eae000 r--p 00008000 fd:01 6296407                    /lib/x86_64-linux-gnu/libnss_compat-2.27.so
7f3a86eae000-7f3a86eaf000 rw-p 00009000 fd:01 6296407                    /lib/x86_64-linux-gnu/libnss_compat-2.27.so
7f3a86eaf000-7f3a86eb9000 r-xp 00000000 fd:01 2629897                    /usr/lib/jvm/java-8-openjdk-amd64/jre/lib/amd64/libinstrument.so
7f3a86eb9000-7f3a870b8000 ---p 0000a000 fd:01 2629897                    /usr/lib/jvm/java-8-openjdk-amd64/jre/lib/amd64/libinstrument.so
7f3a870b8000-7f3a870b9000 r--p 00009000 fd:01 2629897                    /usr/lib/jvm/java-8-openjdk-amd64/jre/lib/amd64/libinstrument.so
7f3a870b9000-7f3a870ba000 rw-p 0000a000 fd:01 2629897                    /usr/lib/jvm/java-8-openjdk-amd64/jre/lib/amd64/libinstrument.so
7f3a870ba000-7f3a870e8000 r-xp 00000000 fd:01 2629902                    /usr/lib/jvm/java-8-openjdk-amd64/jre/lib/amd64/libjava.so
7f3a870e8000-7f3a872e7000 ---p 0002e000 fd:01 2629902                    /usr/lib/jvm/java-8-openjdk-amd64/jre/lib/amd64/libjava.so
7f3a872e7000-7f3a872e8000 r--p 0002d000 fd:01 2629902                    /usr/lib/jvm/java-8-openjdk-amd64/jre/lib/amd64/libjava.so
7f3a872e8000-7f3a872ea000 rw-p 0002e000 fd:01 2629902                    /usr/lib/jvm/java-8-openjdk-amd64/jre/lib/amd64/libjava.so
7f3a872ea000-7f3a872fa000 r-xp 00000000 fd:01 2629920                    /usr/lib/jvm/java-8-openjdk-amd64/jre/lib/amd64/libverify.so
7f3a872fa000-7f3a874f9000 ---p 00010000 fd:01 2629920                    /usr/lib/jvm/java-8-openjdk-amd64/jre/lib/amd64/libverify.so
7f3a874f9000-7f3a874fb000 r--p 0000f000 fd:01 2629920                    /usr/lib/jvm/java-8-openjdk-amd64/jre/lib/amd64/libverify.so
7f3a874fb000-7f3a874fc000 rw-p 00011000 fd:01 2629920                    /usr/lib/jvm/java-8-openjdk-amd64/jre/lib/amd64/libverify.so
7f3a874fc000-7f3a87503000 r-xp 00000000 fd:01 6296462                    /lib/x86_64-linux-gnu/librt-2.27.so
7f3a87503000-7f3a87702000 ---p 00007000 fd:01 6296462                    /lib/x86_64-linux-gnu/librt-2.27.so
7f3a87702000-7f3a87703000 r--p 00006000 fd:01 6296462                    /lib/x86_64-linux-gnu/librt-2.27.so
7f3a87703000-7f3a87704000 rw-p 00007000 fd:01 6296462                    /lib/x86_64-linux-gnu/librt-2.27.so
7f3a87704000-7f3a8771b000 r-xp 00000000 fd:01 6291528                    /lib/x86_64-linux-gnu/libgcc_s.so.1
7f3a8771b000-7f3a8791a000 ---p 00017000 fd:01 6291528                    /lib/x86_64-linux-gnu/libgcc_s.so.1
7f3a8791a000-7f3a8791b000 r--p 00016000 fd:01 6291528                    /lib/x86_64-linux-gnu/libgcc_s.so.1
7f3a8791b000-7f3a8791c000 rw-p 00017000 fd:01 6291528                    /lib/x86_64-linux-gnu/libgcc_s.so.1
7f3a8791c000-7f3a87ab9000 r-xp 00000000 fd:01 6296384                    /lib/x86_64-linux-gnu/libm-2.27.so
7f3a87ab9000-7f3a87cb8000 ---p 0019d000 fd:01 6296384                    /lib/x86_64-linux-gnu/libm-2.27.so
7f3a87cb8000-7f3a87cb9000 r--p 0019c000 fd:01 6296384                    /lib/x86_64-linux-gnu/libm-2.27.so
7f3a87cb9000-7f3a87cba000 rw-p 0019d000 fd:01 6296384                    /lib/x86_64-linux-gnu/libm-2.27.so
7f3a87cba000-7f3a87e33000 r-xp 00000000 fd:01 2490513                    /usr/lib/x86_64-linux-gnu/libstdc++.so.6.0.25
7f3a87e33000-7f3a88033000 ---p 00179000 fd:01 2490513                    /usr/lib/x86_64-linux-gnu/libstdc++.so.6.0.25
7f3a88033000-7f3a8803d000 r--p 00179000 fd:01 2490513                    /usr/lib/x86_64-linux-gnu/libstdc++.so.6.0.25
7f3a8803d000-7f3a8803f000 rw-p 00183000 fd:01 2490513                    /usr/lib/x86_64-linux-gnu/libstdc++.so.6.0.25
7f3a8803f000-7f3a88043000 rw-p 00000000 00:00 0 
7f3a88043000-7f3a88cdd000 r-xp 00000000 fd:01 2629924                    /usr/lib/jvm/java-8-openjdk-amd64/jre/lib/amd64/server/libjvm.so
7f3a88cdd000-7f3a88edc000 ---p 00c9a000 fd:01 2629924                    /usr/lib/jvm/java-8-openjdk-amd64/jre/lib/amd64/server/libjvm.so
7f3a88edc000-7f3a88f70000 r--p 00c99000 fd:01 2629924                    /usr/lib/jvm/java-8-openjdk-amd64/jre/lib/amd64/server/libjvm.so
7f3a88f70000-7f3a88f99000 rw-p 00d2d000 fd:01 2629924                    /usr/lib/jvm/java-8-openjdk-amd64/jre/lib/amd64/server/libjvm.so
7f3a88f99000-7f3a88fc9000 rw-p 00000000 00:00 0 
7f3a88fc9000-7f3a88fe3000 r-xp 00000000 fd:01 6296454                    /lib/x86_64-linux-gnu/libpthread-2.27.so
7f3a88fe3000-7f3a891e2000 ---p 0001a000 fd:01 6296454                    /lib/x86_64-linux-gnu/libpthread-2.27.so
7f3a891e2000-7f3a891e3000 r--p 00019000 fd:01 6296454                    /lib/x86_64-linux-gnu/libpthread-2.27.so
7f3a891e3000-7f3a891e4000 rw-p 0001a000 fd:01 6296454                    /lib/x86_64-linux-gnu/libpthread-2.27.so
7f3a891e4000-7f3a891e8000 rw-p 00000000 00:00 0 
7f3a891e8000-7f3a891eb000 r-xp 00000000 fd:01 6296344                    /lib/x86_64-linux-gnu/libdl-2.27.so
7f3a891eb000-7f3a893ea000 ---p 00003000 fd:01 6296344                    /lib/x86_64-linux-gnu/libdl-2.27.so
7f3a893ea000-7f3a893eb000 r--p 00002000 fd:01 6296344                    /lib/x86_64-linux-gnu/libdl-2.27.so
7f3a893eb000-7f3a893ec000 rw-p 00003000 fd:01 6296344                    /lib/x86_64-linux-gnu/libdl-2.27.so
7f3a893ec000-7f3a89408000 r-xp 00000000 fd:01 6296493                    /lib/x86_64-linux-gnu/libz.so.1.2.11
7f3a89408000-7f3a89607000 ---p 0001c000 fd:01 6296493                    /lib/x86_64-linux-gnu/libz.so.1.2.11
7f3a89607000-7f3a89608000 r--p 0001b000 fd:01 6296493                    /lib/x86_64-linux-gnu/libz.so.1.2.11
7f3a89608000-7f3a89609000 rw-p 0001c000 fd:01 6296493                    /lib/x86_64-linux-gnu/libz.so.1.2.11
7f3a89609000-7f3a897f0000 r-xp 00000000 fd:01 6296321                    /lib/x86_64-linux-gnu/libc-2.27.so
7f3a897f0000-7f3a899f0000 ---p 001e7000 fd:01 6296321                    /lib/x86_64-linux-gnu/libc-2.27.so
7f3a899f0000-7f3a899f4000 r--p 001e7000 fd:01 6296321                    /lib/x86_64-linux-gnu/libc-2.27.so
7f3a899f4000-7f3a899f6000 rw-p 001eb000 fd:01 6296321                    /lib/x86_64-linux-gnu/libc-2.27.so
7f3a899f6000-7f3a899fa000 rw-p 00000000 00:00 0 
7f3a899fa000-7f3a89a08000 r-xp 00000000 fd:01 2629888                    /usr/lib/jvm/java-8-openjdk-amd64/jre/lib/amd64/jli/libjli.so
7f3a89a08000-7f3a89c07000 ---p 0000e000 fd:01 2629888                    /usr/lib/jvm/java-8-openjdk-amd64/jre/lib/amd64/jli/libjli.so
7f3a89c07000-7f3a89c08000 r--p 0000d000 fd:01 2629888                    /usr/lib/jvm/java-8-openjdk-amd64/jre/lib/amd64/jli/libjli.so
7f3a89c08000-7f3a89c09000 rw-p 0000e000 fd:01 2629888                    /usr/lib/jvm/java-8-openjdk-amd64/jre/lib/amd64/jli/libjli.so
7f3a89c09000-7f3a89c30000 r-xp 00000000 fd:01 6296293                    /lib/x86_64-linux-gnu/ld-2.27.so
7f3a89c30000-7f3a89c32000 r--s 00016000 fd:01 2629930                    /usr/lib/jvm/java-8-openjdk-amd64/jre/lib/jce.jar
7f3a89c32000-7f3a89c38000 r--s 0003b000 fd:01 2890232                    /usr/lib/jvm/java-8-openjdk-amd64/jre/lib/ext/sunjce_provider.jar
7f3a89c38000-7f3a89c3a000 r--s 00007000 fd:01 2884933                    /usr/share/java/java-atk-wrapper.jar
7f3a89c3a000-7f3a89c3d000 r--s 0000f000 fd:01 2890223                    /usr/lib/jvm/java-8-openjdk-amd64/jre/lib/ext/icedtea-sound.jar
7f3a89c3d000-7f3a89c3f000 r--s 00008000 fd:01 2890230                    /usr/lib/jvm/java-8-openjdk-amd64/jre/lib/ext/sunec.jar
7f3a89c3f000-7f3a89d10000 rw-p 00000000 00:00 0 
7f3a89d10000-7f3a89d11000 ---p 00000000 00:00 0 
7f3a89d11000-7f3a89d14000 ---p 00000000 00:00 0 
7f3a89d14000-7f3a89e13000 rw-p 00000000 00:00 0 
7f3a89e13000-7f3a89e14000 r--s 0000a000 fd:01 2890224                    /usr/lib/jvm/java-8-openjdk-amd64/jre/lib/ext/jaccess.jar
7f3a89e14000-7f3a89e17000 r--s 00038000 fd:01 2890397                    /usr/lib/jvm/java-8-openjdk-amd64/jre/lib/ext/sunpkcs11.jar
7f3a89e17000-7f3a89e19000 r--s 00001000 fd:01 2890222                    /usr/lib/jvm/java-8-openjdk-amd64/jre/lib/ext/dnsns.jar
7f3a89e19000-7f3a89e23000 r--s 00116000 fd:01 2890226                    /usr/lib/jvm/java-8-openjdk-amd64/jre/lib/ext/localedata.jar
7f3a89e23000-7f3a89e24000 r--s 00010000 fd:01 2890458                    /usr/lib/jvm/java-8-openjdk-amd64/jre/lib/ext/zipfs.jar
7f3a89e24000-7f3a89e2c000 rw-s 00000000 fd:01 1048822                    /tmp/hsperfdata_dbudischek/12004
7f3a89e2c000-7f3a89e2d000 rw-p 00000000 00:00 0 
7f3a89e2d000-7f3a89e2e000 ---p 00000000 00:00 0 
7f3a89e2e000-7f3a89e30000 rw-p 00000000 00:00 0 
7f3a89e30000-7f3a89e31000 r--p 00027000 fd:01 6296293                    /lib/x86_64-linux-gnu/ld-2.27.so
7f3a89e31000-7f3a89e32000 rw-p 00028000 fd:01 6296293                    /lib/x86_64-linux-gnu/ld-2.27.so
7f3a89e32000-7f3a89e33000 rw-p 00000000 00:00 0 
7fffb956a000-7fffb9590000 rw-p 00000000 00:00 0                          [stack]
7fffb95d9000-7fffb95dc000 r--p 00000000 00:00 0                          [vvar]
7fffb95dc000-7fffb95de000 r-xp 00000000 00:00 0                          [vdso]
ffffffffff600000-ffffffffff601000 r-xp 00000000 00:00 0                  [vsyscall]

VM Arguments:
jvm_args: -Xmx2G -javaagent:/snap/intellij-idea-ultimate/139/lib/idea_rt.jar=40435:/snap/intellij-idea-ultimate/139/bin -Dfile.encoding=UTF-8 
java_command: org.opentripplanner.standalone.OTPMain --server --router test --graphs data
java_class_path (initial): /usr/lib/jvm/java-8-openjdk-amd64/jre/lib/charsets.jar:/usr/lib/jvm/java-8-openjdk-amd64/jre/lib/ext/cldrdata.jar:/usr/lib/jvm/java-8-openjdk-amd64/jre/lib/ext/dnsns.jar:/usr/lib/jvm/java-8-openjdk-amd64/jre/lib/ext/icedtea-sound.jar:/usr/lib/jvm/java-8-openjdk-amd64/jre/lib/ext/jaccess.jar:/usr/lib/jvm/java-8-openjdk-amd64/jre/lib/ext/java-atk-wrapper.jar:/usr/lib/jvm/java-8-openjdk-amd64/jre/lib/ext/localedata.jar:/usr/lib/jvm/java-8-openjdk-amd64/jre/lib/ext/nashorn.jar:/usr/lib/jvm/java-8-openjdk-amd64/jre/lib/ext/sunec.jar:/usr/lib/jvm/java-8-openjdk-amd64/jre/lib/ext/sunjce_provider.jar:/usr/lib/jvm/java-8-openjdk-amd64/jre/lib/ext/sunpkcs11.jar:/usr/lib/jvm/java-8-openjdk-amd64/jre/lib/ext/zipfs.jar:/usr/lib/jvm/java-8-openjdk-amd64/jre/lib/jce.jar:/usr/lib/jvm/java-8-openjdk-amd64/jre/lib/jsse.jar:/usr/lib/jvm/java-8-openjdk-amd64/jre/lib/management-agent.jar:/usr/lib/jvm/java-8-openjdk-amd64/jre/lib/resources.jar:/usr/lib/jvm/java-8-openjdk-amd64/jre/lib/rt.jar:/home/dbudischek/Dev/Bachelorarbeit/OpenTripPlanner/target/classes:/home/dbudischek/Dev/Bachelorarbeit/OpenTripPlanner/libs/jsondesign.jar:/home/dbudischek/.m2/repository/dummy/dummy/0.0.0/dummy-0.0.0.jar:/home/dbudischek/.m2/repository/ch/qos/logback/logback-classic/1.0.13/logback-classic-1.0.13.jar:/home/dbudischek/.m2/repository/ch/qos/logback/logback-core/1.0.13/logback-core-1.0.13.jar:/home/dbudischek/.m2/repository/org/slf4j/slf4j-api/1.7.5/slf4j-api-1.7.5.jar:/home/dbudischek/.m2/repository/com/google/code/gson/gson/2.8.5/gson-2.8.5.jar:/home/dbudischek/.m2/repository/org/slf4j/jul-to-slf4j/1.7.6/jul-to-slf4j-1.7.6.jar:/home/dbudischek/.m2/repository/org/geotools/gt-geojson/20.1/gt-geojson-20.1.jar:/home/dbudischek/.m2/repository/org/geotools/gt-main/20.1/gt-main-20.1.jar:/home/dbudischek/.m2/repository/com/googlecode/json-simple/json-simple/1.1/json-simple-1.1.jar:/home/dbudischek/.m2/repository/org/apache/commons/commons-lang3/3.7/commons-lang3-3.7.jar:/home/dbud
Launcher Type: SUN_STANDARD

Environment Variables:
PATH=/home/dbudischek/.local/bin:/usr/local/sbin:/usr/local/bin:/usr/sbin:/usr/bin:/sbin:/bin:/usr/games:/usr/local/games:/snap/bin
USERNAME=dbudischek
SHELL=/usr/bin/zsh
DISPLAY=:0

Signal Handlers:
SIGSEGV: [libjvm.so+0xab2ea0], sa_mask[0]=11111111011111111101111111111110, sa_flags=SA_RESTART|SA_SIGINFO
SIGBUS: [libjvm.so+0xab2ea0], sa_mask[0]=11111111011111111101111111111110, sa_flags=SA_RESTART|SA_SIGINFO
SIGFPE: [libjvm.so+0x8e87b0], sa_mask[0]=11111111011111111101111111111110, sa_flags=SA_RESTART|SA_SIGINFO
SIGPIPE: [libjvm.so+0x8e87b0], sa_mask[0]=11111111011111111101111111111110, sa_flags=SA_RESTART|SA_SIGINFO
SIGXFSZ: [libjvm.so+0x8e87b0], sa_mask[0]=11111111011111111101111111111110, sa_flags=SA_RESTART|SA_SIGINFO
SIGILL: [libjvm.so+0x8e87b0], sa_mask[0]=11111111011111111101111111111110, sa_flags=SA_RESTART|SA_SIGINFO
SIGUSR1: SIG_DFL, sa_mask[0]=00000000000000000000000000000000, sa_flags=none
SIGUSR2: [libjvm.so+0x8e8660], sa_mask[0]=00100000000000000000000000000000, sa_flags=SA_RESTART|SA_SIGINFO
SIGHUP: [libjvm.so+0x8e8cd0], sa_mask[0]=11111111011111111101111111111110, sa_flags=SA_RESTART|SA_SIGINFO
SIGINT: [libjvm.so+0x8e8cd0], sa_mask[0]=11111111011111111101111111111110, sa_flags=SA_RESTART|SA_SIGINFO
SIGTERM: [libjvm.so+0x8e8cd0], sa_mask[0]=11111111011111111101111111111110, sa_flags=SA_RESTART|SA_SIGINFO
SIGQUIT: [libjvm.so+0x8e8cd0], sa_mask[0]=11111111011111111101111111111110, sa_flags=SA_RESTART|SA_SIGINFO


---------------  S Y S T E M  ---------------

OS:DISTRIB_ID=Ubuntu
DISTRIB_RELEASE=18.04
DISTRIB_CODENAME=bionic
DISTRIB_DESCRIPTION="Ubuntu 18.04.2 LTS"

uname:Linux 4.18.0-18-generic #19~18.04.1-Ubuntu SMP Fri Apr 5 10:22:13 UTC 2019 x86_64
libc:glibc 2.27 NPTL 2.27 
rlimit: STACK 8192k, CORE 0k, NPROC 30660, NOFILE 1048576, AS infinity
load average:33.21 8.96 3.38

/proc/meminfo:
MemTotal:        7983208 kB
MemFree:          141792 kB
MemAvailable:     121768 kB
Buffers:           15132 kB
Cached:           606920 kB
SwapCached:         1696 kB
Active:          6590836 kB
Inactive:         856184 kB
Active(anon):    6525076 kB
Inactive(anon):   765316 kB
Active(file):      65760 kB
Inactive(file):    90868 kB
Unevictable:          80 kB
Mlocked:              80 kB
SwapTotal:        999420 kB
SwapFree:             12 kB
Dirty:               248 kB
Writeback:           164 kB
AnonPages:       6823992 kB
Mapped:           340296 kB
Shmem:            464948 kB
Slab:             209968 kB
SReclaimable:      72636 kB
SUnreclaim:       137332 kB
KernelStack:       17584 kB
PageTables:        80656 kB
NFS_Unstable:          0 kB
Bounce:                0 kB
WritebackTmp:          0 kB
CommitLimit:     4991024 kB
Committed_AS:   16858588 kB
VmallocTotal:   34359738367 kB
VmallocUsed:           0 kB
VmallocChunk:          0 kB
HardwareCorrupted:     0 kB
AnonHugePages:         0 kB
ShmemHugePages:        0 kB
ShmemPmdMapped:        0 kB
CmaTotal:              0 kB
CmaFree:               0 kB
HugePages_Total:       0
HugePages_Free:        0
HugePages_Rsvd:        0
HugePages_Surp:        0
Hugepagesize:       2048 kB
Hugetlb:               0 kB
DirectMap4k:      438304 kB
DirectMap2M:     7766016 kB

container (cgroup) information:
container_type: cgroupv1
cpu_cpuset_cpus: 0-3
cpu_memory_nodes: 0
active_processor_count: 4
cpu_quota: -1
cpu_period: 100000
cpu_shares: -1
memory_limit_in_bytes: -1
memory_and_swap_limit_in_bytes: -2
memory_soft_limit_in_bytes: -1
memory_usage_in_bytes: 7705182208
memory_max_usage_in_bytes: 7785873408


CPU:total 4 (initial active 4) (2 cores per cpu, 2 threads per core) family 6 model 58 stepping 9, cmov, cx8, fxsr, mmx, sse, sse2, sse3, ssse3, sse4.1, sse4.2, popcnt, avx, aes, clmul, erms, ht, tsc, tscinvbit, tscinv

/proc/cpuinfo:
processor	: 0
vendor_id	: GenuineIntel
cpu family	: 6
model		: 58
model name	: Intel(R) Core(TM) i5-3320M CPU @ 2.60GHz
stepping	: 9
microcode	: 0x20
cpu MHz		: 3078.755
cache size	: 3072 KB
physical id	: 0
siblings	: 4
core id		: 0
cpu cores	: 2
apicid		: 0
initial apicid	: 0
fpu		: yes
fpu_exception	: yes
cpuid level	: 13
wp		: yes
flags		: fpu vme de pse tsc msr pae mce cx8 apic sep mtrr pge mca cmov pat pse36 clflush dts acpi mmx fxsr sse sse2 ss ht tm pbe syscall nx rdtscp lm constant_tsc arch_perfmon pebs bts rep_good nopl xtopology nonstop_tsc cpuid aperfmperf pni pclmulqdq dtes64 monitor ds_cpl vmx smx est tm2 ssse3 cx16 xtpr pdcm pcid sse4_1 sse4_2 x2apic popcnt tsc_deadline_timer aes xsave avx f16c rdrand lahf_lm cpuid_fault epb pti ssbd ibrs ibpb stibp tpr_shadow vnmi flexpriority ept vpid fsgsbase smep erms xsaveopt dtherm ida arat pln pts flush_l1d
bugs		: cpu_meltdown spectre_v1 spectre_v2 spec_store_bypass l1tf
bogomips	: 5187.88
clflush size	: 64
cache_alignment	: 64
address sizes	: 36 bits physical, 48 bits virtual
power management:

processor	: 1
vendor_id	: GenuineIntel
cpu family	: 6
model		: 58
model name	: Intel(R) Core(TM) i5-3320M CPU @ 2.60GHz
stepping	: 9
microcode	: 0x20
cpu MHz		: 3083.968
cache size	: 3072 KB
physical id	: 0
siblings	: 4
core id		: 0
cpu cores	: 2
apicid		: 1
initial apicid	: 1
fpu		: yes
fpu_exception	: yes
cpuid level	: 13
wp		: yes
flags		: fpu vme de pse tsc msr pae mce cx8 apic sep mtrr pge mca cmov pat pse36 clflush dts acpi mmx fxsr sse sse2 ss ht tm pbe syscall nx rdtscp lm constant_tsc arch_perfmon pebs bts rep_good nopl xtopology nonstop_tsc cpuid aperfmperf pni pclmulqdq dtes64 monitor ds_cpl vmx smx est tm2 ssse3 cx16 xtpr pdcm pcid sse4_1 sse4_2 x2apic popcnt tsc_deadline_timer aes xsave avx f16c rdrand lahf_lm cpuid_fault epb pti ssbd ibrs ibpb stibp tpr_shadow vnmi flexpriority ept vpid fsgsbase smep erms xsaveopt dtherm ida arat pln pts flush_l1d
bugs		: cpu_meltdown spectre_v1 spectre_v2 spec_store_bypass l1tf
bogomips	: 5187.88
clflush size	: 64
cache_alignment	: 64
address sizes	: 36 bits physical, 48 bits virtual
power management:

processor	: 2
vendor_id	: GenuineIntel
cpu family	: 6
model		: 58
model name	: Intel(R) Core(TM) i5-3320M CPU @ 2.60GHz
stepping	: 9
microcode	: 0x20
cpu MHz		: 3082.323
cache size	: 3072 KB
physical id	: 0
siblings	: 4
core id		: 1
cpu cores	: 2
apicid		: 2
initial apicid	: 2
fpu		: yes
fpu_exception	: yes
cpuid level	: 13
wp		: yes
flags		: fpu vme de pse tsc msr pae mce cx8 apic sep mtrr pge mca cmov pat pse36 clflush dts acpi mmx fxsr sse sse2 ss ht tm pbe syscall nx rdtscp lm constant_tsc arch_perfmon pebs bts rep_good nopl xtopology nonstop_tsc cpuid aperfmperf pni pclmulqdq dtes64 monitor ds_cpl vmx smx est tm2 ssse3 cx16 xtpr pdcm pcid sse4_1 sse4_2 x2apic popcnt tsc_deadline_timer aes xsave avx f16c rdrand lahf_lm cpuid_fault epb pti ssbd ibrs ibpb stibp tpr_shadow vnmi flexpriority ept vpid fsgsbase smep erms xsaveopt dtherm ida arat pln pts flush_l1d
bugs		: cpu_meltdown spectre_v1 spectre_v2 spec_store_bypass l1tf
bogomips	: 5187.88
clflush size	: 64
cache_alignment	: 64
address sizes	: 36 bits physical, 48 bits virtual
power management:

processor	: 3
vendor_id	: GenuineIntel
cpu family	: 6
model		: 58
model name	: Intel(R) Core(TM) i5-3320M CPU @ 2.60GHz
stepping	: 9
microcode	: 0x20
cpu MHz		: 3083.374
cache size	: 3072 KB
physical id	: 0
siblings	: 4
core id		: 1
cpu cores	: 2
apicid		: 3
initial apicid	: 3
fpu		: yes
fpu_exception	: yes
cpuid level	: 13
wp		: yes
flags		: fpu vme de pse tsc msr pae mce cx8 apic sep mtrr pge mca cmov pat pse36 clflush dts acpi mmx fxsr sse sse2 ss ht tm pbe syscall nx rdtscp lm constant_tsc arch_perfmon pebs bts rep_good nopl xtopology nonstop_tsc cpuid aperfmperf pni pclmulqdq dtes64 monitor ds_cpl vmx smx est tm2 ssse3 cx16 xtpr pdcm pcid sse4_1 sse4_2 x2apic popcnt tsc_deadline_timer aes xsave avx f16c rdrand lahf_lm cpuid_fault epb pti ssbd ibrs ibpb stibp tpr_shadow vnmi flexpriority ept vpid fsgsbase smep erms xsaveopt dtherm ida arat pln pts flush_l1d
bugs		: cpu_meltdown spectre_v1 spectre_v2 spec_store_bypass l1tf
bogomips	: 5187.88
clflush size	: 64
cache_alignment	: 64
address sizes	: 36 bits physical, 48 bits virtual
power management:



Memory: 4k page, physical 7983208k(141792k free), swap 999420k(0k free)

vm_info: OpenJDK 64-Bit Server VM (25.191-b12) for linux-amd64 JRE (1.8.0_191-8u191-b12-2ubuntu0.18.04.1-b12), built on Jan 14 2019 21:02:00 by "buildd" with gcc 7.3.0

time: Tue May  7 20:37:57 2019
elapsed time: 51 seconds (0d 0h 0m 51s)

